<?xml version="1.0" encoding="utf-8" standalone="no"?>
<test-run id="2" testcasecount="4" result="Passed" total="4" passed="4" failed="0" inconclusive="0" skipped="0" asserts="49" engine-version="3.5.0.0" clr-version="4.0.30319.42000" start-time="2017-03-01 11:34:46Z" end-time="2017-03-01 11:35:04Z" duration="17.402458">
  <command-line><![CDATA["C:/_repo/Narasoft/tinda/trunk/AmpedBiz/tools/NUnit.ConsoleRunner/tools/nunit3-console.exe" "C:/_repo/Narasoft/tinda/trunk/AmpedBiz/AmpedBiz.Tests/bin/Release/AmpedBiz.Tests.dll"]]></command-line>
  <test-suite type="Assembly" id="0-1007" name="AmpedBiz.Tests.dll" fullname="C:\_repo\Narasoft\tinda\trunk\AmpedBiz\AmpedBiz.Tests\bin\Release\AmpedBiz.Tests.dll" runstate="Runnable" testcasecount="4" result="Passed" start-time="2017-03-01 11:34:46Z" end-time="2017-03-01 11:34:59Z" duration="12.250273" total="4" passed="4" failed="0" warnings="0" inconclusive="0" skipped="0" asserts="49">
    <environment framework-version="3.6.0.0" clr-version="4.0.30319.42000" os-version="Microsoft Windows NT 10.0.10586.0" platform="Win32NT" cwd="C:\_repo\Narasoft\tinda\trunk\AmpedBiz" machine-name="PHMADJALIBUYOG2" user="jalibuyog" user-domain="INFOR" culture="en-US" uiculture="en-US" os-architecture="x64" />
    <settings>
      <setting name="DisposeRunners" value="True" />
      <setting name="WorkDirectory" value="C:\_repo\Narasoft\tinda\trunk\AmpedBiz" />
      <setting name="ImageRuntimeVersion" value="4.0.30319" />
      <setting name="ImageTargetFrameworkName" value=".NETFramework,Version=v4.6.1" />
      <setting name="ImageRequiresX86" value="False" />
      <setting name="ImageRequiresDefaultAppDomainAssemblyResolver" value="False" />
      <setting name="NumberOfTestWorkers" value="4" />
    </settings>
    <properties>
      <property name="_PID" value="21880" />
      <property name="_APPDOMAIN" value="test-domain-" />
    </properties>
    <test-suite type="TestSuite" id="0-1008" name="AmpedBiz" fullname="AmpedBiz" runstate="Runnable" testcasecount="4" result="Passed" start-time="2017-03-01 11:34:46Z" end-time="2017-03-01 11:34:59Z" duration="12.225757" total="4" passed="4" failed="0" warnings="0" inconclusive="0" skipped="0" asserts="49">
      <test-suite type="TestSuite" id="0-1009" name="Tests" fullname="AmpedBiz.Tests" runstate="Runnable" testcasecount="4" result="Passed" start-time="2017-03-01 11:34:46Z" end-time="2017-03-01 11:34:59Z" duration="12.222512" total="4" passed="4" failed="0" warnings="0" inconclusive="0" skipped="0" asserts="49">
        <test-suite type="TestSuite" id="0-1011" name="IntegrationTests" fullname="AmpedBiz.Tests.IntegrationTests" runstate="Runnable" testcasecount="3" result="Passed" start-time="2017-03-01 11:34:46Z" end-time="2017-03-01 11:34:59Z" duration="12.206239" total="3" passed="3" failed="0" warnings="0" inconclusive="0" skipped="0" asserts="21">
          <test-suite type="TestFixture" id="0-1002" name="IntegrationTests" fullname="AmpedBiz.Tests.IntegrationTests.IntegrationTests" classname="AmpedBiz.Tests.IntegrationTests.IntegrationTests" runstate="Runnable" testcasecount="2" result="Passed" start-time="2017-03-01 11:34:46Z" end-time="2017-03-01 11:34:59Z" duration="12.192811" total="2" passed="2" failed="0" warnings="0" inconclusive="0" skipped="0" asserts="21">
            <output><![CDATA[NHibernate: 
    select
        returnreas0_.ReturnReasonId as Retur1_18_,
        returnreas0_.Name as Name2_18_ 
    from
        dbo.ReturnReasons returnreas0_
NHibernate: Batch commands:
command 0:
    INSERT 
    INTO
        dbo.ReturnReasons
        (Name, ReturnReasonId) 
    VALUES
        (@p0, @p1);
    @p0 = 'Damaged' [Type: String (4000:0:0)], @p1 = 'D' [Type: String (4000:0:0)]
command 1:
    INSERT 
    INTO
        dbo.ReturnReasons
        (Name, ReturnReasonId) 
    VALUES
        (@p0, @p1);
    @p0 = 'Expired' [Type: String (4000:0:0)], @p1 = 'E' [Type: String (4000:0:0)]

NHibernate: 
    select
        currency0_.CurrencyId as Curren1_1_,
        currency0_.Symbol as Symbol2_1_,
        currency0_.Name as Name3_1_ 
    from
        dbo.Currencies currency0_
NHibernate: Batch commands:
command 0:
    INSERT 
    INTO
        dbo.Currencies
        (Symbol, Name, CurrencyId) 
    VALUES
        (@p0, @p1, @p2);
    @p0 = '₱' [Type: String (4000:0:0)], @p1 = 'Philipine Peso' [Type: String (4000:0:0)], @p2 = 'PHP' [Type: String (4000:0:0)]

NHibernate: 
    select
        paymenttyp0_.PaymentTypeId as Paymen1_8_,
        paymenttyp0_.Name as Name2_8_ 
    from
        dbo.PaymentTypes paymenttyp0_
NHibernate: Batch commands:
command 0:
    INSERT 
    INTO
        dbo.PaymentTypes
        (Name, PaymentTypeId) 
    VALUES
        (@p0, @p1);
    @p0 = 'Cash' [Type: String (4000:0:0)], @p1 = 'CS' [Type: String (4000:0:0)]
command 1:
    INSERT 
    INTO
        dbo.PaymentTypes
        (Name, PaymentTypeId) 
    VALUES
        (@p0, @p1);
    @p0 = 'Check' [Type: String (4000:0:0)], @p1 = 'CK' [Type: String (4000:0:0)]
command 2:
    INSERT 
    INTO
        dbo.PaymentTypes
        (Name, PaymentTypeId) 
    VALUES
        (@p0, @p1);
    @p0 = 'Credit Card' [Type: String (4000:0:0)], @p1 = 'CC' [Type: String (4000:0:0)]
command 3:
    INSERT 
    INTO
        dbo.PaymentTypes
        (Name, PaymentTypeId) 
    VALUES
        (@p0, @p1);
    @p0 = 'Mixed' [Type: String (4000:0:0)], @p1 = 'MX' [Type: String (4000:0:0)]

NHibernate: 
    select
        pricingsch0_.PricingSchemeId as Pricin1_9_,
        pricingsch0_.Name as Name2_9_ 
    from
        dbo.PricingSchemes pricingsch0_
NHibernate: Batch commands:
command 0:
    INSERT 
    INTO
        dbo.PricingSchemes
        (Name, PricingSchemeId) 
    VALUES
        (@p0, @p1);
    @p0 = 'Base Price' [Type: String (4000:0:0)], @p1 = 'BP' [Type: String (4000:0:0)]
command 1:
    INSERT 
    INTO
        dbo.PricingSchemes
        (Name, PricingSchemeId) 
    VALUES
        (@p0, @p1);
    @p0 = 'Wholesale Price' [Type: String (4000:0:0)], @p1 = 'WP' [Type: String (4000:0:0)]
command 2:
    INSERT 
    INTO
        dbo.PricingSchemes
        (Name, PricingSchemeId) 
    VALUES
        (@p0, @p1);
    @p0 = 'Retail Price' [Type: String (4000:0:0)], @p1 = 'RP' [Type: String (4000:0:0)]
command 3:
    INSERT 
    INTO
        dbo.PricingSchemes
        (Name, PricingSchemeId) 
    VALUES
        (@p0, @p1);
    @p0 = 'Bad Stock Price' [Type: String (4000:0:0)], @p1 = 'BSP' [Type: String (4000:0:0)]

NHibernate: 
    select
        productcat0_.ProductCategoryId as Produ1_10_,
        productcat0_.Name as Name2_10_ 
    from
        dbo.ProductCategories productcat0_
NHibernate: Batch commands:
command 0:
    INSERT 
    INTO
        dbo.ProductCategories
        (Name, ProductCategoryId) 
    VALUES
        (@p0, @p1);
    @p0 = 'Food' [Type: String (4000:0:0)], @p1 = 'F' [Type: String (4000:0:0)]
command 1:
    INSERT 
    INTO
        dbo.ProductCategories
        (Name, ProductCategoryId) 
    VALUES
        (@p0, @p1);
    @p0 = 'Drinks' [Type: String (4000:0:0)], @p1 = 'D' [Type: String (4000:0:0)]
command 2:
    INSERT 
    INTO
        dbo.ProductCategories
        (Name, ProductCategoryId) 
    VALUES
        (@p0, @p1);
    @p0 = 'Medicine' [Type: String (4000:0:0)], @p1 = 'M' [Type: String (4000:0:0)]

NHibernate: 
    select
        role0_.RoleId as RoleI1_19_,
        role0_.Name as Name2_19_ 
    from
        dbo.Roles role0_
NHibernate: Batch commands:
command 0:
    INSERT 
    INTO
        dbo.Roles
        (Name, RoleId) 
    VALUES
        (@p0, @p1);
    @p0 = 'Admin' [Type: String (4000:0:0)], @p1 = 'A' [Type: String (4000:0:0)]
command 1:
    INSERT 
    INTO
        dbo.Roles
        (Name, RoleId) 
    VALUES
        (@p0, @p1);
    @p0 = 'Encoder' [Type: String (4000:0:0)], @p1 = 'E' [Type: String (4000:0:0)]
command 2:
    INSERT 
    INTO
        dbo.Roles
        (Name, RoleId) 
    VALUES
        (@p0, @p1);
    @p0 = 'Manager' [Type: String (4000:0:0)], @p1 = 'M' [Type: String (4000:0:0)]
command 3:
    INSERT 
    INTO
        dbo.Roles
        (Name, RoleId) 
    VALUES
        (@p0, @p1);
    @p0 = 'Sales' [Type: String (4000:0:0)], @p1 = 'S' [Type: String (4000:0:0)]
command 4:
    INSERT 
    INTO
        dbo.Roles
        (Name, RoleId) 
    VALUES
        (@p0, @p1);
    @p0 = 'Super Admin' [Type: String (4000:0:0)], @p1 = 'SA' [Type: String (4000:0:0)]
command 5:
    INSERT 
    INTO
        dbo.Roles
        (Name, RoleId) 
    VALUES
        (@p0, @p1);
    @p0 = 'Warehouse' [Type: String (4000:0:0)], @p1 = 'W' [Type: String (4000:0:0)]

NHibernate: 
    select
        unitofmeas0_.UnitOfMeasureClassId as UnitO1_23_,
        unitofmeas0_.Name as Name2_23_ 
    from
        dbo.UnitOfMeasureClasses unitofmeas0_
NHibernate: 
    SELECT
        unitofmeas_.UnitOfMeasureId,
        unitofmeas_.Name as Name2_24_,
        unitofmeas_.IsBaseUnit as IsBas3_24_,
        unitofmeas_.ConversionFactor as Conve4_24_,
        unitofmeas_.UnitOfMeasureClassId as UnitO5_24_ 
    FROM
        dbo.UnitOfMeasures unitofmeas_ 
    WHERE
        unitofmeas_.UnitOfMeasureId=@p0;
    @p0 = 'ea' [Type: String (4000:0:0)]
NHibernate: 
    SELECT
        unitofmeas_.UnitOfMeasureId,
        unitofmeas_.Name as Name2_24_,
        unitofmeas_.IsBaseUnit as IsBas3_24_,
        unitofmeas_.ConversionFactor as Conve4_24_,
        unitofmeas_.UnitOfMeasureClassId as UnitO5_24_ 
    FROM
        dbo.UnitOfMeasures unitofmeas_ 
    WHERE
        unitofmeas_.UnitOfMeasureId=@p0;
    @p0 = 'dz' [Type: String (4000:0:0)]
NHibernate: 
    SELECT
        unitofmeas_.UnitOfMeasureId,
        unitofmeas_.Name as Name2_24_,
        unitofmeas_.IsBaseUnit as IsBas3_24_,
        unitofmeas_.ConversionFactor as Conve4_24_,
        unitofmeas_.UnitOfMeasureClassId as UnitO5_24_ 
    FROM
        dbo.UnitOfMeasures unitofmeas_ 
    WHERE
        unitofmeas_.UnitOfMeasureId=@p0;
    @p0 = 'cs' [Type: String (4000:0:0)]
NHibernate: 
    SELECT
        unitofmeas_.UnitOfMeasureId,
        unitofmeas_.Name as Name2_24_,
        unitofmeas_.IsBaseUnit as IsBas3_24_,
        unitofmeas_.ConversionFactor as Conve4_24_,
        unitofmeas_.UnitOfMeasureClassId as UnitO5_24_ 
    FROM
        dbo.UnitOfMeasures unitofmeas_ 
    WHERE
        unitofmeas_.UnitOfMeasureId=@p0;
    @p0 = 'sk' [Type: String (4000:0:0)]
NHibernate: 
    SELECT
        unitofmeas_.UnitOfMeasureId,
        unitofmeas_.Name as Name2_24_,
        unitofmeas_.IsBaseUnit as IsBas3_24_,
        unitofmeas_.ConversionFactor as Conve4_24_,
        unitofmeas_.UnitOfMeasureClassId as UnitO5_24_ 
    FROM
        dbo.UnitOfMeasures unitofmeas_ 
    WHERE
        unitofmeas_.UnitOfMeasureId=@p0;
    @p0 = 'mg' [Type: String (4000:0:0)]
NHibernate: 
    SELECT
        unitofmeas_.UnitOfMeasureId,
        unitofmeas_.Name as Name2_24_,
        unitofmeas_.IsBaseUnit as IsBas3_24_,
        unitofmeas_.ConversionFactor as Conve4_24_,
        unitofmeas_.UnitOfMeasureClassId as UnitO5_24_ 
    FROM
        dbo.UnitOfMeasures unitofmeas_ 
    WHERE
        unitofmeas_.UnitOfMeasureId=@p0;
    @p0 = 'cg' [Type: String (4000:0:0)]
NHibernate: 
    SELECT
        unitofmeas_.UnitOfMeasureId,
        unitofmeas_.Name as Name2_24_,
        unitofmeas_.IsBaseUnit as IsBas3_24_,
        unitofmeas_.ConversionFactor as Conve4_24_,
        unitofmeas_.UnitOfMeasureClassId as UnitO5_24_ 
    FROM
        dbo.UnitOfMeasures unitofmeas_ 
    WHERE
        unitofmeas_.UnitOfMeasureId=@p0;
    @p0 = 'dg' [Type: String (4000:0:0)]
NHibernate: 
    SELECT
        unitofmeas_.UnitOfMeasureId,
        unitofmeas_.Name as Name2_24_,
        unitofmeas_.IsBaseUnit as IsBas3_24_,
        unitofmeas_.ConversionFactor as Conve4_24_,
        unitofmeas_.UnitOfMeasureClassId as UnitO5_24_ 
    FROM
        dbo.UnitOfMeasures unitofmeas_ 
    WHERE
        unitofmeas_.UnitOfMeasureId=@p0;
    @p0 = 'g' [Type: String (4000:0:0)]
NHibernate: 
    SELECT
        unitofmeas_.UnitOfMeasureId,
        unitofmeas_.Name as Name2_24_,
        unitofmeas_.IsBaseUnit as IsBas3_24_,
        unitofmeas_.ConversionFactor as Conve4_24_,
        unitofmeas_.UnitOfMeasureClassId as UnitO5_24_ 
    FROM
        dbo.UnitOfMeasures unitofmeas_ 
    WHERE
        unitofmeas_.UnitOfMeasureId=@p0;
    @p0 = 'dag' [Type: String (4000:0:0)]
NHibernate: 
    SELECT
        unitofmeas_.UnitOfMeasureId,
        unitofmeas_.Name as Name2_24_,
        unitofmeas_.IsBaseUnit as IsBas3_24_,
        unitofmeas_.ConversionFactor as Conve4_24_,
        unitofmeas_.UnitOfMeasureClassId as UnitO5_24_ 
    FROM
        dbo.UnitOfMeasures unitofmeas_ 
    WHERE
        unitofmeas_.UnitOfMeasureId=@p0;
    @p0 = 'hg' [Type: String (4000:0:0)]
NHibernate: 
    SELECT
        unitofmeas_.UnitOfMeasureId,
        unitofmeas_.Name as Name2_24_,
        unitofmeas_.IsBaseUnit as IsBas3_24_,
        unitofmeas_.ConversionFactor as Conve4_24_,
        unitofmeas_.UnitOfMeasureClassId as UnitO5_24_ 
    FROM
        dbo.UnitOfMeasures unitofmeas_ 
    WHERE
        unitofmeas_.UnitOfMeasureId=@p0;
    @p0 = 'kl' [Type: String (4000:0:0)]
NHibernate: 
    SELECT
        unitofmeas_.UnitOfMeasureId,
        unitofmeas_.Name as Name2_24_,
        unitofmeas_.IsBaseUnit as IsBas3_24_,
        unitofmeas_.ConversionFactor as Conve4_24_,
        unitofmeas_.UnitOfMeasureClassId as UnitO5_24_ 
    FROM
        dbo.UnitOfMeasures unitofmeas_ 
    WHERE
        unitofmeas_.UnitOfMeasureId=@p0;
    @p0 = 't' [Type: String (4000:0:0)]
NHibernate: 
    SELECT
        unitofmeas_.UnitOfMeasureId,
        unitofmeas_.Name as Name2_24_,
        unitofmeas_.IsBaseUnit as IsBas3_24_,
        unitofmeas_.ConversionFactor as Conve4_24_,
        unitofmeas_.UnitOfMeasureClassId as UnitO5_24_ 
    FROM
        dbo.UnitOfMeasures unitofmeas_ 
    WHERE
        unitofmeas_.UnitOfMeasureId=@p0;
    @p0 = 'ml' [Type: String (4000:0:0)]
NHibernate: 
    SELECT
        unitofmeas_.UnitOfMeasureId,
        unitofmeas_.Name as Name2_24_,
        unitofmeas_.IsBaseUnit as IsBas3_24_,
        unitofmeas_.ConversionFactor as Conve4_24_,
        unitofmeas_.UnitOfMeasureClassId as UnitO5_24_ 
    FROM
        dbo.UnitOfMeasures unitofmeas_ 
    WHERE
        unitofmeas_.UnitOfMeasureId=@p0;
    @p0 = 'cl' [Type: String (4000:0:0)]
NHibernate: 
    SELECT
        unitofmeas_.UnitOfMeasureId,
        unitofmeas_.Name as Name2_24_,
        unitofmeas_.IsBaseUnit as IsBas3_24_,
        unitofmeas_.ConversionFactor as Conve4_24_,
        unitofmeas_.UnitOfMeasureClassId as UnitO5_24_ 
    FROM
        dbo.UnitOfMeasures unitofmeas_ 
    WHERE
        unitofmeas_.UnitOfMeasureId=@p0;
    @p0 = 'dl' [Type: String (4000:0:0)]
NHibernate: 
    SELECT
        unitofmeas_.UnitOfMeasureId,
        unitofmeas_.Name as Name2_24_,
        unitofmeas_.IsBaseUnit as IsBas3_24_,
        unitofmeas_.ConversionFactor as Conve4_24_,
        unitofmeas_.UnitOfMeasureClassId as UnitO5_24_ 
    FROM
        dbo.UnitOfMeasures unitofmeas_ 
    WHERE
        unitofmeas_.UnitOfMeasureId=@p0;
    @p0 = 'l' [Type: String (4000:0:0)]
NHibernate: 
    SELECT
        unitofmeas_.UnitOfMeasureId,
        unitofmeas_.Name as Name2_24_,
        unitofmeas_.IsBaseUnit as IsBas3_24_,
        unitofmeas_.ConversionFactor as Conve4_24_,
        unitofmeas_.UnitOfMeasureClassId as UnitO5_24_ 
    FROM
        dbo.UnitOfMeasures unitofmeas_ 
    WHERE
        unitofmeas_.UnitOfMeasureId=@p0;
    @p0 = 'dal' [Type: String (4000:0:0)]
NHibernate: 
    SELECT
        unitofmeas_.UnitOfMeasureId,
        unitofmeas_.Name as Name2_24_,
        unitofmeas_.IsBaseUnit as IsBas3_24_,
        unitofmeas_.ConversionFactor as Conve4_24_,
        unitofmeas_.UnitOfMeasureClassId as UnitO5_24_ 
    FROM
        dbo.UnitOfMeasures unitofmeas_ 
    WHERE
        unitofmeas_.UnitOfMeasureId=@p0;
    @p0 = 'hl' [Type: String (4000:0:0)]
NHibernate: 
    SELECT
        unitofmeas_.UnitOfMeasureId,
        unitofmeas_.Name as Name2_24_,
        unitofmeas_.IsBaseUnit as IsBas3_24_,
        unitofmeas_.ConversionFactor as Conve4_24_,
        unitofmeas_.UnitOfMeasureClassId as UnitO5_24_ 
    FROM
        dbo.UnitOfMeasures unitofmeas_ 
    WHERE
        unitofmeas_.UnitOfMeasureId=@p0;
    @p0 = 'mm' [Type: String (4000:0:0)]
NHibernate: 
    SELECT
        unitofmeas_.UnitOfMeasureId,
        unitofmeas_.Name as Name2_24_,
        unitofmeas_.IsBaseUnit as IsBas3_24_,
        unitofmeas_.ConversionFactor as Conve4_24_,
        unitofmeas_.UnitOfMeasureClassId as UnitO5_24_ 
    FROM
        dbo.UnitOfMeasures unitofmeas_ 
    WHERE
        unitofmeas_.UnitOfMeasureId=@p0;
    @p0 = 'cm' [Type: String (4000:0:0)]
NHibernate: 
    SELECT
        unitofmeas_.UnitOfMeasureId,
        unitofmeas_.Name as Name2_24_,
        unitofmeas_.IsBaseUnit as IsBas3_24_,
        unitofmeas_.ConversionFactor as Conve4_24_,
        unitofmeas_.UnitOfMeasureClassId as UnitO5_24_ 
    FROM
        dbo.UnitOfMeasures unitofmeas_ 
    WHERE
        unitofmeas_.UnitOfMeasureId=@p0;
    @p0 = 'dm' [Type: String (4000:0:0)]
NHibernate: 
    SELECT
        unitofmeas_.UnitOfMeasureId,
        unitofmeas_.Name as Name2_24_,
        unitofmeas_.IsBaseUnit as IsBas3_24_,
        unitofmeas_.ConversionFactor as Conve4_24_,
        unitofmeas_.UnitOfMeasureClassId as UnitO5_24_ 
    FROM
        dbo.UnitOfMeasures unitofmeas_ 
    WHERE
        unitofmeas_.UnitOfMeasureId=@p0;
    @p0 = 'm' [Type: String (4000:0:0)]
NHibernate: 
    SELECT
        unitofmeas_.UnitOfMeasureId,
        unitofmeas_.Name as Name2_24_,
        unitofmeas_.IsBaseUnit as IsBas3_24_,
        unitofmeas_.ConversionFactor as Conve4_24_,
        unitofmeas_.UnitOfMeasureClassId as UnitO5_24_ 
    FROM
        dbo.UnitOfMeasures unitofmeas_ 
    WHERE
        unitofmeas_.UnitOfMeasureId=@p0;
    @p0 = 'dam' [Type: String (4000:0:0)]
NHibernate: 
    SELECT
        unitofmeas_.UnitOfMeasureId,
        unitofmeas_.Name as Name2_24_,
        unitofmeas_.IsBaseUnit as IsBas3_24_,
        unitofmeas_.ConversionFactor as Conve4_24_,
        unitofmeas_.UnitOfMeasureClassId as UnitO5_24_ 
    FROM
        dbo.UnitOfMeasures unitofmeas_ 
    WHERE
        unitofmeas_.UnitOfMeasureId=@p0;
    @p0 = 'hm' [Type: String (4000:0:0)]
NHibernate: Batch commands:
command 0:
    INSERT 
    INTO
        dbo.UnitOfMeasureClasses
        (Name, UnitOfMeasureClassId) 
    VALUES
        (@p0, @p1);
    @p0 = 'Quantity' [Type: String (4000:0:0)], @p1 = 'qty' [Type: String (4000:0:0)]
command 1:
    INSERT 
    INTO
        dbo.UnitOfMeasureClasses
        (Name, UnitOfMeasureClassId) 
    VALUES
        (@p0, @p1);
    @p0 = 'Weight' [Type: String (4000:0:0)], @p1 = 'wt' [Type: String (4000:0:0)]
command 2:
    INSERT 
    INTO
        dbo.UnitOfMeasureClasses
        (Name, UnitOfMeasureClassId) 
    VALUES
        (@p0, @p1);
    @p0 = 'Volume' [Type: String (4000:0:0)], @p1 = 'vol' [Type: String (4000:0:0)]
command 3:
    INSERT 
    INTO
        dbo.UnitOfMeasureClasses
        (Name, UnitOfMeasureClassId) 
    VALUES
        (@p0, @p1);
    @p0 = 'Length' [Type: String (4000:0:0)], @p1 = 'l' [Type: String (4000:0:0)]

NHibernate: Batch commands:
command 0:
    INSERT 
    INTO
        dbo.UnitOfMeasures
        (Name, IsBaseUnit, ConversionFactor, UnitOfMeasureClassId, UnitOfMeasureId) 
    VALUES
        (@p0, @p1, @p2, @p3, @p4);
    @p0 = 'each' [Type: String (4000:0:0)], @p1 = True [Type: Boolean (0:0:0)], @p2 = 1 [Type: Decimal (0:5:28)], @p3 = 'qty' [Type: String (4000:0:0)], @p4 = 'ea' [Type: String (4000:0:0)]
command 1:
    INSERT 
    INTO
        dbo.UnitOfMeasures
        (Name, IsBaseUnit, ConversionFactor, UnitOfMeasureClassId, UnitOfMeasureId) 
    VALUES
        (@p0, @p1, @p2, @p3, @p4);
    @p0 = 'dozen' [Type: String (4000:0:0)], @p1 = False [Type: Boolean (0:0:0)], @p2 = 12 [Type: Decimal (0:5:28)], @p3 = 'qty' [Type: String (4000:0:0)], @p4 = 'dz' [Type: String (4000:0:0)]
command 2:
    INSERT 
    INTO
        dbo.UnitOfMeasures
        (Name, IsBaseUnit, ConversionFactor, UnitOfMeasureClassId, UnitOfMeasureId) 
    VALUES
        (@p0, @p1, @p2, @p3, @p4);
    @p0 = 'case' [Type: String (4000:0:0)], @p1 = False [Type: Boolean (0:0:0)], @p2 = NULL [Type: Decimal (0:5:28)], @p3 = 'qty' [Type: String (4000:0:0)], @p4 = 'cs' [Type: String (4000:0:0)]
command 3:
    INSERT 
    INTO
        dbo.UnitOfMeasures
        (Name, IsBaseUnit, ConversionFactor, UnitOfMeasureClassId, UnitOfMeasureId) 
    VALUES
        (@p0, @p1, @p2, @p3, @p4);
    @p0 = 'sack' [Type: String (4000:0:0)], @p1 = False [Type: Boolean (0:0:0)], @p2 = NULL [Type: Decimal (0:5:28)], @p3 = 'qty' [Type: String (4000:0:0)], @p4 = 'sk' [Type: String (4000:0:0)]
command 4:
    INSERT 
    INTO
        dbo.UnitOfMeasures
        (Name, IsBaseUnit, ConversionFactor, UnitOfMeasureClassId, UnitOfMeasureId) 
    VALUES
        (@p0, @p1, @p2, @p3, @p4);
    @p0 = 'milligram' [Type: String (4000:0:0)], @p1 = False [Type: Boolean (0:0:0)], @p2 = 0.000001 [Type: Decimal (0:5:28)], @p3 = 'wt' [Type: String (4000:0:0)], @p4 = 'mg' [Type: String (4000:0:0)]
command 5:
    INSERT 
    INTO
        dbo.UnitOfMeasures
        (Name, IsBaseUnit, ConversionFactor, UnitOfMeasureClassId, UnitOfMeasureId) 
    VALUES
        (@p0, @p1, @p2, @p3, @p4);
    @p0 = 'centigram' [Type: String (4000:0:0)], @p1 = False [Type: Boolean (0:0:0)], @p2 = 0.00001 [Type: Decimal (0:5:28)], @p3 = 'wt' [Type: String (4000:0:0)], @p4 = 'cg' [Type: String (4000:0:0)]
command 6:
    INSERT 
    INTO
        dbo.UnitOfMeasures
        (Name, IsBaseUnit, ConversionFactor, UnitOfMeasureClassId, UnitOfMeasureId) 
    VALUES
        (@p0, @p1, @p2, @p3, @p4);
    @p0 = 'decigram' [Type: String (4000:0:0)], @p1 = False [Type: Boolean (0:0:0)], @p2 = 0.0001 [Type: Decimal (0:5:28)], @p3 = 'wt' [Type: String (4000:0:0)], @p4 = 'dg' [Type: String (4000:0:0)]
command 7:
    INSERT 
    INTO
        dbo.UnitOfMeasures
        (Name, IsBaseUnit, ConversionFactor, UnitOfMeasureClassId, UnitOfMeasureId) 
    VALUES
        (@p0, @p1, @p2, @p3, @p4);
    @p0 = 'gram' [Type: String (4000:0:0)], @p1 = False [Type: Boolean (0:0:0)], @p2 = 0.001 [Type: Decimal (0:5:28)], @p3 = 'wt' [Type: String (4000:0:0)], @p4 = 'g' [Type: String (4000:0:0)]
command 8:
    INSERT 
    INTO
        dbo.UnitOfMeasures
        (Name, IsBaseUnit, ConversionFactor, UnitOfMeasureClassId, UnitOfMeasureId) 
    VALUES
        (@p0, @p1, @p2, @p3, @p4);
    @p0 = 'dekagram' [Type: String (4000:0:0)], @p1 = False [Type: Boolean (0:0:0)], @p2 = 0.01 [Type: Decimal (0:5:28)], @p3 = 'wt' [Type: String (4000:0:0)], @p4 = 'dag' [Type: String (4000:0:0)]
command 9:
    INSERT 
    INTO
        dbo.UnitOfMeasures
        (Name, IsBaseUnit, ConversionFactor, UnitOfMeasureClassId, UnitOfMeasureId) 
    VALUES
        (@p0, @p1, @p2, @p3, @p4);
    @p0 = 'hectogram' [Type: String (4000:0:0)], @p1 = False [Type: Boolean (0:0:0)], @p2 = 0.1 [Type: Decimal (0:5:28)], @p3 = 'wt' [Type: String (4000:0:0)], @p4 = 'hg' [Type: String (4000:0:0)]
command 10:
    INSERT 
    INTO
        dbo.UnitOfMeasures
        (Name, IsBaseUnit, ConversionFactor, UnitOfMeasureClassId, UnitOfMeasureId) 
    VALUES
        (@p0, @p1, @p2, @p3, @p4);
    @p0 = 'kilogram' [Type: String (4000:0:0)], @p1 = True [Type: Boolean (0:0:0)], @p2 = 1 [Type: Decimal (0:5:28)], @p3 = 'wt' [Type: String (4000:0:0)], @p4 = 'kl' [Type: String (4000:0:0)]
command 11:
    INSERT 
    INTO
        dbo.UnitOfMeasures
        (Name, IsBaseUnit, ConversionFactor, UnitOfMeasureClassId, UnitOfMeasureId) 
    VALUES
        (@p0, @p1, @p2, @p3, @p4);
    @p0 = 'metric ton' [Type: String (4000:0:0)], @p1 = False [Type: Boolean (0:0:0)], @p2 = 1000 [Type: Decimal (0:5:28)], @p3 = 'wt' [Type: String (4000:0:0)], @p4 = 't' [Type: String (4000:0:0)]
command 12:
    INSERT 
    INTO
        dbo.UnitOfMeasures
        (Name, IsBaseUnit, ConversionFactor, UnitOfMeasureClassId, UnitOfMeasureId) 
    VALUES
        (@p0, @p1, @p2, @p3, @p4);
    @p0 = 'milliliter' [Type: String (4000:0:0)], @p1 = False [Type: Boolean (0:0:0)], @p2 = 0.001 [Type: Decimal (0:5:28)], @p3 = 'vol' [Type: String (4000:0:0)], @p4 = 'ml' [Type: String (4000:0:0)]
command 13:
    INSERT 
    INTO
        dbo.UnitOfMeasures
        (Name, IsBaseUnit, ConversionFactor, UnitOfMeasureClassId, UnitOfMeasureId) 
    VALUES
        (@p0, @p1, @p2, @p3, @p4);
    @p0 = 'centiliter' [Type: String (4000:0:0)], @p1 = False [Type: Boolean (0:0:0)], @p2 = 0.01 [Type: Decimal (0:5:28)], @p3 = 'vol' [Type: String (4000:0:0)], @p4 = 'cl' [Type: String (4000:0:0)]
command 14:
    INSERT 
    INTO
        dbo.UnitOfMeasures
        (Name, IsBaseUnit, ConversionFactor, UnitOfMeasureClassId, UnitOfMeasureId) 
    VALUES
        (@p0, @p1, @p2, @p3, @p4);
    @p0 = 'deciliter' [Type: String (4000:0:0)], @p1 = False [Type: Boolean (0:0:0)], @p2 = 0.1 [Type: Decimal (0:5:28)], @p3 = 'vol' [Type: String (4000:0:0)], @p4 = 'dl' [Type: String (4000:0:0)]
command 15:
    INSERT 
    INTO
        dbo.UnitOfMeasures
        (Name, IsBaseUnit, ConversionFactor, UnitOfMeasureClassId, UnitOfMeasureId) 
    VALUES
        (@p0, @p1, @p2, @p3, @p4);
    @p0 = 'liter' [Type: String (4000:0:0)], @p1 = True [Type: Boolean (0:0:0)], @p2 = 1 [Type: Decimal (0:5:28)], @p3 = 'vol' [Type: String (4000:0:0)], @p4 = 'l' [Type: String (4000:0:0)]
command 16:
    INSERT 
    INTO
        dbo.UnitOfMeasures
        (Name, IsBaseUnit, ConversionFactor, UnitOfMeasureClassId, UnitOfMeasureId) 
    VALUES
        (@p0, @p1, @p2, @p3, @p4);
    @p0 = 'dekaliter' [Type: String (4000:0:0)], @p1 = False [Type: Boolean (0:0:0)], @p2 = 10 [Type: Decimal (0:5:28)], @p3 = 'vol' [Type: String (4000:0:0)], @p4 = 'dal' [Type: String (4000:0:0)]
command 17:
    INSERT 
    INTO
        dbo.UnitOfMeasures
        (Name, IsBaseUnit, ConversionFactor, UnitOfMeasureClassId, UnitOfMeasureId) 
    VALUES
        (@p0, @p1, @p2, @p3, @p4);
    @p0 = 'hectoliter' [Type: String (4000:0:0)], @p1 = False [Type: Boolean (0:0:0)], @p2 = 100 [Type: Decimal (0:5:28)], @p3 = 'vol' [Type: String (4000:0:0)], @p4 = 'hl' [Type: String (4000:0:0)]
command 18:
    INSERT 
    INTO
        dbo.UnitOfMeasures
        (Name, IsBaseUnit, ConversionFactor, UnitOfMeasureClassId, UnitOfMeasureId) 
    VALUES
        (@p0, @p1, @p2, @p3, @p4);
    @p0 = 'millimeter' [Type: String (4000:0:0)], @p1 = False [Type: Boolean (0:0:0)], @p2 = 0.001 [Type: Decimal (0:5:28)], @p3 = 'l' [Type: String (4000:0:0)], @p4 = 'mm' [Type: String (4000:0:0)]
command 19:
    INSERT 
    INTO
        dbo.UnitOfMeasures
        (Name, IsBaseUnit, ConversionFactor, UnitOfMeasureClassId, UnitOfMeasureId) 
    VALUES
        (@p0, @p1, @p2, @p3, @p4);
    @p0 = 'centimeter' [Type: String (4000:0:0)], @p1 = False [Type: Boolean (0:0:0)], @p2 = 0.01 [Type: Decimal (0:5:28)], @p3 = 'l' [Type: String (4000:0:0)], @p4 = 'cm' [Type: String (4000:0:0)]
command 20:
    INSERT 
    INTO
        dbo.UnitOfMeasures
        (Name, IsBaseUnit, ConversionFactor, UnitOfMeasureClassId, UnitOfMeasureId) 
    VALUES
        (@p0, @p1, @p2, @p3, @p4);
    @p0 = 'decimeter' [Type: String (4000:0:0)], @p1 = False [Type: Boolean (0:0:0)], @p2 = 0.1 [Type: Decimal (0:5:28)], @p3 = 'l' [Type: String (4000:0:0)], @p4 = 'dm' [Type: String (4000:0:0)]
command 21:
    INSERT 
    INTO
        dbo.UnitOfMeasures
        (Name, IsBaseUnit, ConversionFactor, UnitOfMeasureClassId, UnitOfMeasureId) 
    VALUES
        (@p0, @p1, @p2, @p3, @p4);
    @p0 = 'meter' [Type: String (4000:0:0)], @p1 = True [Type: Boolean (0:0:0)], @p2 = 1 [Type: Decimal (0:5:28)], @p3 = 'l' [Type: String (4000:0:0)], @p4 = 'm' [Type: String (4000:0:0)]
command 22:
    INSERT 
    INTO
        dbo.UnitOfMeasures
        (Name, IsBaseUnit, ConversionFactor, UnitOfMeasureClassId, UnitOfMeasureId) 
    VALUES
        (@p0, @p1, @p2, @p3, @p4);
    @p0 = 'dekameter' [Type: String (4000:0:0)], @p1 = False [Type: Boolean (0:0:0)], @p2 = 10 [Type: Decimal (0:5:28)], @p3 = 'l' [Type: String (4000:0:0)], @p4 = 'dam' [Type: String (4000:0:0)]
command 23:
    INSERT 
    INTO
        dbo.UnitOfMeasures
        (Name, IsBaseUnit, ConversionFactor, UnitOfMeasureClassId, UnitOfMeasureId) 
    VALUES
        (@p0, @p1, @p2, @p3, @p4);
    @p0 = 'hectometer' [Type: String (4000:0:0)], @p1 = False [Type: Boolean (0:0:0)], @p2 = 100 [Type: Decimal (0:5:28)], @p3 = 'l' [Type: String (4000:0:0)], @p4 = 'hm' [Type: String (4000:0:0)]

NHibernate: 
    SELECT
        branch0_.BranchId as Branch1_0_0_,
        branch0_.Name as Name2_0_0_,
        branch0_.Description as Descri3_0_0_,
        branch0_.Street as Street4_0_0_,
        branch0_.Barangay as Barang5_0_0_,
        branch0_.City as City6_0_0_,
        branch0_.Province as Provin7_0_0_,
        branch0_.Region as Region8_0_0_,
        branch0_.Country as Countr9_0_0_,
        branch0_.ZipCode as ZipCo10_0_0_ 
    FROM
        dbo.Branches branch0_ 
    WHERE
        branch0_.BranchId=@p0;
    @p0 = 406a71d8-4dfd-4d34-821e-a5e52e144e50 [Type: Guid (0:0:0)]
NHibernate: Batch commands:
command 0:
    INSERT 
    INTO
        dbo.Branches
        (Name, Description, Street, Barangay, City, Province, Region, Country, ZipCode, BranchId) 
    VALUES
        (@p0, @p1, @p2, @p3, @p4, @p5, @p6, @p7, @p8, @p9);
    @p0 = 'Super Branch' [Type: String (4000:0:0)], @p1 = 'Super Description' [Type: String (4000:0:0)], @p2 = 'Super Street' [Type: String (4000:0:0)], @p3 = 'Super Barangay' [Type: String (4000:0:0)], @p4 = 'Super City' [Type: String (4000:0:0)], @p5 = 'Super Province' [Type: String (4000:0:0)], @p6 = 'Super Region' [Type: String (4000:0:0)], @p7 = 'Super Country' [Type: String (4000:0:0)], @p8 = 'Super Zip Code' [Type: String (4000:0:0)], @p9 = 406a71d8-4dfd-4d34-821e-a5e52e144e50 [Type: Guid (0:0:0)]

NHibernate: 
    SELECT
        user0_.UserId as UserI1_25_0_,
        user0_.Username as Usern2_25_0_,
        user0_.Password as Passw3_25_0_,
        user0_.BranchId as Branc4_25_0_,
        user0_.FirstName as First5_25_0_,
        user0_.MiddleName as Middl6_25_0_,
        user0_.LastName as LastN7_25_0_,
        user0_.BirthDate as Birth8_25_0_,
        user0_.Street as Stree9_25_0_,
        user0_.Barangay as Bara10_25_0_,
        user0_.City as City11_25_0_,
        user0_.Province as Prov12_25_0_,
        user0_.Region as Regi13_25_0_,
        user0_.Country as Coun14_25_0_,
        user0_.ZipCode as ZipC15_25_0_ 
    FROM
        dbo.Users user0_ 
    WHERE
        user0_.UserId=@p0;
    @p0 = ca42947a-0ba3-4fc8-86e0-a635014b6b11 [Type: Guid (0:0:0)]
NHibernate: 
    select
        role0_.RoleId as RoleI1_19_,
        role0_.Name as Name2_19_ 
    from
        dbo.Roles role0_
NHibernate: Batch commands:
command 0:
    INSERT 
    INTO
        dbo.Users
        (Username, Password, BranchId, FirstName, MiddleName, LastName, BirthDate, Street, Barangay, City, Province, Region, Country, ZipCode, UserId) 
    VALUES
        (@p0, @p1, @p2, @p3, @p4, @p5, @p6, @p7, @p8, @p9, @p10, @p11, @p12, @p13, @p14);
    @p0 = 'super_user' [Type: String (4000:0:0)], @p1 = '123!@#qweASD' [Type: String (4000:0:0)], @p2 = 406a71d8-4dfd-4d34-821e-a5e52e144e50 [Type: Guid (0:0:0)], @p3 = 'Super' [Type: String (4000:0:0)], @p4 = 'Power' [Type: String (4000:0:0)], @p5 = 'User' [Type: String (4000:0:0)], @p6 = 1999-01-01T00:00:00.0000000 [Type: DateTime (0:0:0)], @p7 = 'Ocean Street' [Type: String (4000:0:0)], @p8 = 'Virginia Summer Ville, Mayamot' [Type: String (4000:0:0)], @p9 = 'Antipolo City' [Type: String (4000:0:0)], @p10 = 'Rizal' [Type: String (4000:0:0)], @p11 = 'NCR' [Type: String (4000:0:0)], @p12 = 'Philippines' [Type: String (4000:0:0)], @p13 = '1870' [Type: String (4000:0:0)], @p14 = ca42947a-0ba3-4fc8-86e0-a635014b6b11 [Type: Guid (0:0:0)]

NHibernate: Batch commands:
command 0:
    INSERT 
    INTO
        dbo.UsersRoles
        (UserId, RoleId) 
    VALUES
        (@p0, @p1);
    @p0 = ca42947a-0ba3-4fc8-86e0-a635014b6b11 [Type: Guid (0:0:0)], @p1 = 'A' [Type: String (4000:0:0)]
command 1:
    INSERT 
    INTO
        dbo.UsersRoles
        (UserId, RoleId) 
    VALUES
        (@p0, @p1);
    @p0 = ca42947a-0ba3-4fc8-86e0-a635014b6b11 [Type: Guid (0:0:0)], @p1 = 'E' [Type: String (4000:0:0)]
command 2:
    INSERT 
    INTO
        dbo.UsersRoles
        (UserId, RoleId) 
    VALUES
        (@p0, @p1);
    @p0 = ca42947a-0ba3-4fc8-86e0-a635014b6b11 [Type: Guid (0:0:0)], @p1 = 'M' [Type: String (4000:0:0)]
command 3:
    INSERT 
    INTO
        dbo.UsersRoles
        (UserId, RoleId) 
    VALUES
        (@p0, @p1);
    @p0 = ca42947a-0ba3-4fc8-86e0-a635014b6b11 [Type: Guid (0:0:0)], @p1 = 'S' [Type: String (4000:0:0)]
command 4:
    INSERT 
    INTO
        dbo.UsersRoles
        (UserId, RoleId) 
    VALUES
        (@p0, @p1);
    @p0 = ca42947a-0ba3-4fc8-86e0-a635014b6b11 [Type: Guid (0:0:0)], @p1 = 'SA' [Type: String (4000:0:0)]
command 5:
    INSERT 
    INTO
        dbo.UsersRoles
        (UserId, RoleId) 
    VALUES
        (@p0, @p1);
    @p0 = ca42947a-0ba3-4fc8-86e0-a635014b6b11 [Type: Guid (0:0:0)], @p1 = 'W' [Type: String (4000:0:0)]

NHibernate: 
    select
        user0_.UserId as UserI1_25_,
        user0_.Username as Usern2_25_,
        user0_.Password as Passw3_25_,
        user0_.BranchId as Branc4_25_,
        user0_.FirstName as First5_25_,
        user0_.MiddleName as Middl6_25_,
        user0_.LastName as LastN7_25_,
        user0_.BirthDate as Birth8_25_,
        user0_.Street as Stree9_25_,
        user0_.Barangay as Bara10_25_,
        user0_.City as City11_25_,
        user0_.Province as Prov12_25_,
        user0_.Region as Regi13_25_,
        user0_.Country as Coun14_25_,
        user0_.ZipCode as ZipC15_25_ 
    from
        dbo.Users user0_
NHibernate: 
    select
        branch0_.BranchId as Branch1_0_,
        branch0_.Name as Name2_0_,
        branch0_.Description as Descri3_0_,
        branch0_.Street as Street4_0_,
        branch0_.Barangay as Barang5_0_,
        branch0_.City as City6_0_,
        branch0_.Province as Provin7_0_,
        branch0_.Region as Region8_0_,
        branch0_.Country as Countr9_0_,
        branch0_.ZipCode as ZipCo10_0_ 
    from
        dbo.Branches branch0_
NHibernate: 
    select
        shipper0_.ShipperId as Shipp1_20_,
        shipper0_.Name as Name2_20_,
        shipper0_.Street as Stree3_20_,
        shipper0_.Barangay as Baran4_20_,
        shipper0_.City as City5_20_,
        shipper0_.Province as Provi6_20_,
        shipper0_.Region as Regio7_20_,
        shipper0_.Country as Count8_20_,
        shipper0_.ZipCode as ZipCo9_20_,
        shipper0_.Email as Emai10_20_,
        shipper0_.Landline as Land11_20_,
        shipper0_.Fax as Fax12_20_,
        shipper0_.Mobile as Mobi13_20_,
        shipper0_.Web as Web14_20_ 
    from
        dbo.Shippers shipper0_
NHibernate: 
    select
        customer0_.CustomerId as Custom1_2_,
        customer0_.Name as Name2_2_,
        customer0_.PricingSchemeId as Pricin3_2_,
        customer0_.CreditLimit_Amount as Credit4_2_,
        customer0_.CreditLimit_CurrencyId as Credit5_2_,
        customer0_.Office_Street as Office6_2_,
        customer0_.Office_Barangay as Office7_2_,
        customer0_.Office_City as Office8_2_,
        customer0_.Office_Province as Office9_2_,
        customer0_.Office_Region as Offic10_2_,
        customer0_.Office_Country as Offic11_2_,
        customer0_.Office_ZipCode as Offic12_2_,
        customer0_.Billing_Street as Billi13_2_,
        customer0_.Billing_Barangay as Billi14_2_,
        customer0_.Billing_City as Billi15_2_,
        customer0_.Billing_Province as Billi16_2_,
        customer0_.Billing_Region as Billi17_2_,
        customer0_.Billing_Country as Billi18_2_,
        customer0_.Billing_ZipCode as Billi19_2_,
        customer0_.Email as Email20_2_,
        customer0_.Landline as Landl21_2_,
        customer0_.Fax as Fax22_2_,
        customer0_.Mobile as Mobil23_2_,
        customer0_.Web as Web24_2_ 
    from
        dbo.Customers customer0_
NHibernate: 
    select
        currency0_.CurrencyId as Curren1_1_,
        currency0_.Symbol as Symbol2_1_,
        currency0_.Name as Name3_1_ 
    from
        dbo.Currencies currency0_
NHibernate: 
    select
        paymenttyp0_.PaymentTypeId as Paymen1_8_,
        paymenttyp0_.Name as Name2_8_ 
    from
        dbo.PaymentTypes paymenttyp0_
NHibernate: 
    select
        pricingsch0_.PricingSchemeId as Pricin1_9_,
        pricingsch0_.Name as Name2_9_ 
    from
        dbo.PricingSchemes pricingsch0_
NHibernate: 
    select
        productcat0_.ProductCategoryId as Produ1_10_,
        productcat0_.Name as Name2_10_ 
    from
        dbo.ProductCategories productcat0_
NHibernate: 
    select
        unitofmeas0_.UnitOfMeasureId as UnitO1_24_,
        unitofmeas0_.Name as Name2_24_,
        unitofmeas0_.IsBaseUnit as IsBas3_24_,
        unitofmeas0_.ConversionFactor as Conve4_24_,
        unitofmeas0_.UnitOfMeasureClassId as UnitO5_24_ 
    from
        dbo.UnitOfMeasures unitofmeas0_
NHibernate: 
    select
        supplier0_.SupplierId as Suppl1_22_,
        supplier0_.Name as Name2_22_,
        supplier0_.Street as Stree3_22_,
        supplier0_.Barangay as Baran4_22_,
        supplier0_.City as City5_22_,
        supplier0_.Province as Provi6_22_,
        supplier0_.Region as Regio7_22_,
        supplier0_.Country as Count8_22_,
        supplier0_.ZipCode as ZipCo9_22_,
        supplier0_.Email as Emai10_22_,
        supplier0_.Landline as Land11_22_,
        supplier0_.Fax as Fax12_22_,
        supplier0_.Mobile as Mobi13_22_,
        supplier0_.Web as Web14_22_ 
    from
        dbo.Suppliers supplier0_ 
    where
        (
            select
                cast(count(*) as INT) 
            from
                dbo.Products products1_ 
            where
                supplier0_.SupplierId=products1_.SupplierId
        )>@p0;
    @p0 = 0 [Type: Int32 (0:0:0)]
]]></output>
            <test-case id="0-1003" name="CommonScenarioTests" fullname="AmpedBiz.Tests.IntegrationTests.IntegrationTests.CommonScenarioTests" methodname="CommonScenarioTests" classname="AmpedBiz.Tests.IntegrationTests.IntegrationTests" runstate="Runnable" seed="302558989" result="Passed" start-time="2017-03-01 11:34:55Z" end-time="2017-03-01 11:34:58Z" duration="3.438334" asserts="21">
              <output><![CDATA[NHibernate: 
    select
        branch0_.BranchId as Branch1_0_,
        branch0_.Name as Name2_0_,
        branch0_.Description as Descri3_0_,
        branch0_.Street as Street4_0_,
        branch0_.Barangay as Barang5_0_,
        branch0_.City as City6_0_,
        branch0_.Province as Provin7_0_,
        branch0_.Region as Region8_0_,
        branch0_.Country as Countr9_0_,
        branch0_.ZipCode as ZipCo10_0_ 
    from
        dbo.Branches branch0_ 
    where
        branch0_.BranchId=@p0 
    ORDER BY
        CURRENT_TIMESTAMP OFFSET 0 ROWS FETCH FIRST 1 ROWS ONLY;
    @p0 = 00000000-0000-0000-0000-000000000000 [Type: Guid (0:0:0)]
NHibernate: Batch commands:
command 0:
    INSERT 
    INTO
        dbo.Branches
        (Name, Description, Street, Barangay, City, Province, Region, Country, ZipCode, BranchId) 
    VALUES
        (@p0, @p1, @p2, @p3, @p4, @p5, @p6, @p7, @p8, @p9);
    @p0 = 'Name_Yf7qudXudRRb3sug0H18gDXeT' [Type: String (4000:0:0)], @p1 = 'Description_f54da09a-e488-453e-812f-e5acc0647fae' [Type: String (4000:0:0)], @p2 = 'Street_gqFwm7tkMt' [Type: String (4000:0:0)], @p3 = 'Barangay_5pL0vo89Ei' [Type: String (4000:0:0)], @p4 = 'City_zwTHZcqxRA' [Type: String (4000:0:0)], @p5 = 'Province_9LLyGRXrhL' [Type: String (4000:0:0)], @p6 = 'Region_1FQd9ieJu3' [Type: String (4000:0:0)], @p7 = 'Philippines' [Type: String (4000:0:0)], @p8 = '4725' [Type: String (4000:0:0)], @p9 = b542461b-aa1f-46ef-afad-a72900bede17 [Type: Guid (0:0:0)]

NHibernate: Batch commands:
command 0:
    INSERT 
    INTO
        dbo.Users
        (Username, Password, BranchId, FirstName, MiddleName, LastName, BirthDate, Street, Barangay, City, Province, Region, Country, ZipCode, UserId) 
    VALUES
        (@p0, @p1, @p2, @p3, @p4, @p5, @p6, @p7, @p8, @p9, @p10, @p11, @p12, @p13, @p14);
    @p0 = 'Username_4cd37e80-fcc1-47f1-918d-1995e99b2976' [Type: String (4000:0:0)], @p1 = 'Password_6d58b75e-9349-4942-963a-e5f59c0e49da' [Type: String (4000:0:0)], @p2 = b542461b-aa1f-46ef-afad-a72900bede17 [Type: Guid (0:0:0)], @p3 = 'FirstName_f92eba82-1b37-4fef-ab76-145128cee120' [Type: String (4000:0:0)], @p4 = 'MiddleName_563c14c1-997e-4ae4-9d34-b111824c6690' [Type: String (4000:0:0)], @p5 = 'LastName_a72b9c46-b2cc-44f3-bc82-59ef0d26f8cc' [Type: String (4000:0:0)], @p6 = 2017-03-01T00:00:00.0000000 [Type: DateTime (0:0:0)], @p7 = 'Street_6400158f-3257-4d53-b2bc-3061c2dbc7b6' [Type: String (4000:0:0)], @p8 = 'Barangay_942d3659-f35c-4c19-84b7-c7e6576bf34b' [Type: String (4000:0:0)], @p9 = 'City_334f5d18-8d9d-437e-a262-95c963d3852a' [Type: String (4000:0:0)], @p10 = 'Province_a82230d6-e006-4c9a-9bd8-1e983b1a9092' [Type: String (4000:0:0)], @p11 = 'Region_f855befb-fadb-4f34-abcd-a49822ebf845' [Type: String (4000:0:0)], @p12 = 'Country_fcb30787-fd05-4777-9712-8c271f09165d' [Type: String (4000:0:0)], @p13 = 'ZipCode_053f896d-6cfd-4bc0-bb24-ed6ab24a061c' [Type: String (4000:0:0)], @p14 = 5c2b8cdf-64e5-483b-9252-a72900bede26 [Type: Guid (0:0:0)]

NHibernate: Batch commands:
command 0:
    INSERT 
    INTO
        dbo.UsersRoles
        (UserId, RoleId) 
    VALUES
        (@p0, @p1);
    @p0 = 5c2b8cdf-64e5-483b-9252-a72900bede26 [Type: Guid (0:0:0)], @p1 = 'A' [Type: String (4000:0:0)]
command 1:
    INSERT 
    INTO
        dbo.UsersRoles
        (UserId, RoleId) 
    VALUES
        (@p0, @p1);
    @p0 = 5c2b8cdf-64e5-483b-9252-a72900bede26 [Type: Guid (0:0:0)], @p1 = 'E' [Type: String (4000:0:0)]
command 2:
    INSERT 
    INTO
        dbo.UsersRoles
        (UserId, RoleId) 
    VALUES
        (@p0, @p1);
    @p0 = 5c2b8cdf-64e5-483b-9252-a72900bede26 [Type: Guid (0:0:0)], @p1 = 'M' [Type: String (4000:0:0)]
command 3:
    INSERT 
    INTO
        dbo.UsersRoles
        (UserId, RoleId) 
    VALUES
        (@p0, @p1);
    @p0 = 5c2b8cdf-64e5-483b-9252-a72900bede26 [Type: Guid (0:0:0)], @p1 = 'S' [Type: String (4000:0:0)]
command 4:
    INSERT 
    INTO
        dbo.UsersRoles
        (UserId, RoleId) 
    VALUES
        (@p0, @p1);
    @p0 = 5c2b8cdf-64e5-483b-9252-a72900bede26 [Type: Guid (0:0:0)], @p1 = 'SA' [Type: String (4000:0:0)]
command 5:
    INSERT 
    INTO
        dbo.UsersRoles
        (UserId, RoleId) 
    VALUES
        (@p0, @p1);
    @p0 = 5c2b8cdf-64e5-483b-9252-a72900bede26 [Type: Guid (0:0:0)], @p1 = 'W' [Type: String (4000:0:0)]

NHibernate: Batch commands:
command 0:
    INSERT 
    INTO
        dbo.Users
        (Username, Password, BranchId, FirstName, MiddleName, LastName, BirthDate, Street, Barangay, City, Province, Region, Country, ZipCode, UserId) 
    VALUES
        (@p0, @p1, @p2, @p3, @p4, @p5, @p6, @p7, @p8, @p9, @p10, @p11, @p12, @p13, @p14);
    @p0 = 'Username_8c0be682-a965-48d4-b3b4-a2bd600d4daf' [Type: String (4000:0:0)], @p1 = 'Password_4076bb7f-98ed-48b2-b80b-cc5ce0ce85c4' [Type: String (4000:0:0)], @p2 = b542461b-aa1f-46ef-afad-a72900bede17 [Type: Guid (0:0:0)], @p3 = 'FirstName_eedd9ba9-5d89-40c6-b66c-7a81681b605c' [Type: String (4000:0:0)], @p4 = 'MiddleName_4ee1a4cc-05e0-4764-9416-30b0b8f88125' [Type: String (4000:0:0)], @p5 = 'LastName_5498bb4b-b5fd-4a83-9a63-d45af15a19b0' [Type: String (4000:0:0)], @p6 = 2017-03-01T00:00:00.0000000 [Type: DateTime (0:0:0)], @p7 = 'Street_8f4311f1-c6af-48da-9536-a603aa3709f2' [Type: String (4000:0:0)], @p8 = 'Barangay_3d03a20d-1b32-4079-8a95-e911494c1e57' [Type: String (4000:0:0)], @p9 = 'City_f92c4981-d84c-48d4-8eec-d6e8b5824b7f' [Type: String (4000:0:0)], @p10 = 'Province_ef43f5d8-2bad-4a27-a1bf-c5c3c28d29d7' [Type: String (4000:0:0)], @p11 = 'Region_cd11ec24-4640-4764-a305-41f57305d493' [Type: String (4000:0:0)], @p12 = 'Country_aaca6985-7b00-413d-822b-51f79ba7593e' [Type: String (4000:0:0)], @p13 = 'ZipCode_941c6fdc-e90d-4084-8636-2389d3f59e47' [Type: String (4000:0:0)], @p14 = 790ee6b8-bc9d-4406-b3dc-a72900bede2a [Type: Guid (0:0:0)]

NHibernate: Batch commands:
command 0:
    INSERT 
    INTO
        dbo.UsersRoles
        (UserId, RoleId) 
    VALUES
        (@p0, @p1);
    @p0 = 790ee6b8-bc9d-4406-b3dc-a72900bede2a [Type: Guid (0:0:0)], @p1 = 'A' [Type: String (4000:0:0)]
command 1:
    INSERT 
    INTO
        dbo.UsersRoles
        (UserId, RoleId) 
    VALUES
        (@p0, @p1);
    @p0 = 790ee6b8-bc9d-4406-b3dc-a72900bede2a [Type: Guid (0:0:0)], @p1 = 'E' [Type: String (4000:0:0)]
command 2:
    INSERT 
    INTO
        dbo.UsersRoles
        (UserId, RoleId) 
    VALUES
        (@p0, @p1);
    @p0 = 790ee6b8-bc9d-4406-b3dc-a72900bede2a [Type: Guid (0:0:0)], @p1 = 'M' [Type: String (4000:0:0)]
command 3:
    INSERT 
    INTO
        dbo.UsersRoles
        (UserId, RoleId) 
    VALUES
        (@p0, @p1);
    @p0 = 790ee6b8-bc9d-4406-b3dc-a72900bede2a [Type: Guid (0:0:0)], @p1 = 'S' [Type: String (4000:0:0)]
command 4:
    INSERT 
    INTO
        dbo.UsersRoles
        (UserId, RoleId) 
    VALUES
        (@p0, @p1);
    @p0 = 790ee6b8-bc9d-4406-b3dc-a72900bede2a [Type: Guid (0:0:0)], @p1 = 'SA' [Type: String (4000:0:0)]
command 5:
    INSERT 
    INTO
        dbo.UsersRoles
        (UserId, RoleId) 
    VALUES
        (@p0, @p1);
    @p0 = 790ee6b8-bc9d-4406-b3dc-a72900bede2a [Type: Guid (0:0:0)], @p1 = 'W' [Type: String (4000:0:0)]

NHibernate: Batch commands:
command 0:
    INSERT 
    INTO
        dbo.Users
        (Username, Password, BranchId, FirstName, MiddleName, LastName, BirthDate, Street, Barangay, City, Province, Region, Country, ZipCode, UserId) 
    VALUES
        (@p0, @p1, @p2, @p3, @p4, @p5, @p6, @p7, @p8, @p9, @p10, @p11, @p12, @p13, @p14);
    @p0 = 'Username_693b5ada-681a-40b0-b4c5-deb6ea102028' [Type: String (4000:0:0)], @p1 = 'Password_9d911a5a-e7e1-4a21-9474-d59c088a7469' [Type: String (4000:0:0)], @p2 = b542461b-aa1f-46ef-afad-a72900bede17 [Type: Guid (0:0:0)], @p3 = 'FirstName_067460e9-1d0c-433f-93c2-8e207e69eaa2' [Type: String (4000:0:0)], @p4 = 'MiddleName_d077df22-21e7-4b8e-867f-d800db2bdb6c' [Type: String (4000:0:0)], @p5 = 'LastName_eb86c94d-0515-4145-a73b-4e8a58a6d5a2' [Type: String (4000:0:0)], @p6 = 2017-03-01T00:00:00.0000000 [Type: DateTime (0:0:0)], @p7 = 'Street_c8bd7aa8-c9fe-4471-961b-4695db2f6857' [Type: String (4000:0:0)], @p8 = 'Barangay_7fd63784-6938-43e9-bb2f-f8b66969559b' [Type: String (4000:0:0)], @p9 = 'City_b4d4f0e0-654e-4090-bda6-9bb7cd8b7969' [Type: String (4000:0:0)], @p10 = 'Province_cf9c5083-58f5-43be-a273-c1c2c6e0b66e' [Type: String (4000:0:0)], @p11 = 'Region_d2217b97-b0dc-4b39-83c7-4a25c4197f34' [Type: String (4000:0:0)], @p12 = 'Country_753a166f-bdea-4e52-8803-1c0f0cfb70f9' [Type: String (4000:0:0)], @p13 = 'ZipCode_62737632-4b79-4314-bc2a-16ffa6ed8a31' [Type: String (4000:0:0)], @p14 = 6c75fb1c-0e84-43f1-b458-a72900bede2c [Type: Guid (0:0:0)]

NHibernate: Batch commands:
command 0:
    INSERT 
    INTO
        dbo.UsersRoles
        (UserId, RoleId) 
    VALUES
        (@p0, @p1);
    @p0 = 6c75fb1c-0e84-43f1-b458-a72900bede2c [Type: Guid (0:0:0)], @p1 = 'A' [Type: String (4000:0:0)]
command 1:
    INSERT 
    INTO
        dbo.UsersRoles
        (UserId, RoleId) 
    VALUES
        (@p0, @p1);
    @p0 = 6c75fb1c-0e84-43f1-b458-a72900bede2c [Type: Guid (0:0:0)], @p1 = 'E' [Type: String (4000:0:0)]
command 2:
    INSERT 
    INTO
        dbo.UsersRoles
        (UserId, RoleId) 
    VALUES
        (@p0, @p1);
    @p0 = 6c75fb1c-0e84-43f1-b458-a72900bede2c [Type: Guid (0:0:0)], @p1 = 'M' [Type: String (4000:0:0)]
command 3:
    INSERT 
    INTO
        dbo.UsersRoles
        (UserId, RoleId) 
    VALUES
        (@p0, @p1);
    @p0 = 6c75fb1c-0e84-43f1-b458-a72900bede2c [Type: Guid (0:0:0)], @p1 = 'S' [Type: String (4000:0:0)]
command 4:
    INSERT 
    INTO
        dbo.UsersRoles
        (UserId, RoleId) 
    VALUES
        (@p0, @p1);
    @p0 = 6c75fb1c-0e84-43f1-b458-a72900bede2c [Type: Guid (0:0:0)], @p1 = 'SA' [Type: String (4000:0:0)]
command 5:
    INSERT 
    INTO
        dbo.UsersRoles
        (UserId, RoleId) 
    VALUES
        (@p0, @p1);
    @p0 = 6c75fb1c-0e84-43f1-b458-a72900bede2c [Type: Guid (0:0:0)], @p1 = 'W' [Type: String (4000:0:0)]

NHibernate: Batch commands:
command 0:
    INSERT 
    INTO
        dbo.Users
        (Username, Password, BranchId, FirstName, MiddleName, LastName, BirthDate, Street, Barangay, City, Province, Region, Country, ZipCode, UserId) 
    VALUES
        (@p0, @p1, @p2, @p3, @p4, @p5, @p6, @p7, @p8, @p9, @p10, @p11, @p12, @p13, @p14);
    @p0 = 'Username_6ba7e4b3-4ad5-43c2-97d4-f30edd6a9a2a' [Type: String (4000:0:0)], @p1 = 'Password_5a15a071-e410-4cd5-86a5-c9186644b0e1' [Type: String (4000:0:0)], @p2 = b542461b-aa1f-46ef-afad-a72900bede17 [Type: Guid (0:0:0)], @p3 = 'FirstName_cbdad19e-5367-4bfb-827a-4f45769eb22d' [Type: String (4000:0:0)], @p4 = 'MiddleName_2cf0a0de-60df-4c9d-af60-0cddd8db62dc' [Type: String (4000:0:0)], @p5 = 'LastName_d9a72b44-0f71-405a-9d74-eca027150ba5' [Type: String (4000:0:0)], @p6 = 2017-03-01T00:00:00.0000000 [Type: DateTime (0:0:0)], @p7 = 'Street_2f6b38da-8856-4b2d-93e3-23919f880ebf' [Type: String (4000:0:0)], @p8 = 'Barangay_144add9f-a550-4dec-a0e9-deb502d2c467' [Type: String (4000:0:0)], @p9 = 'City_92299705-09b5-495c-8e79-385fd537223b' [Type: String (4000:0:0)], @p10 = 'Province_37c8d21d-0890-4e51-8db2-63a33d5c83bb' [Type: String (4000:0:0)], @p11 = 'Region_33fb68b7-c969-473e-ad45-9c59a5b9afb6' [Type: String (4000:0:0)], @p12 = 'Country_0b68b684-54b9-45cb-b844-be5bde6bb27a' [Type: String (4000:0:0)], @p13 = 'ZipCode_0094293e-d393-4e25-a452-b224dedf5f41' [Type: String (4000:0:0)], @p14 = 758be66f-a814-4a22-be17-a72900bede2e [Type: Guid (0:0:0)]

NHibernate: Batch commands:
command 0:
    INSERT 
    INTO
        dbo.UsersRoles
        (UserId, RoleId) 
    VALUES
        (@p0, @p1);
    @p0 = 758be66f-a814-4a22-be17-a72900bede2e [Type: Guid (0:0:0)], @p1 = 'A' [Type: String (4000:0:0)]
command 1:
    INSERT 
    INTO
        dbo.UsersRoles
        (UserId, RoleId) 
    VALUES
        (@p0, @p1);
    @p0 = 758be66f-a814-4a22-be17-a72900bede2e [Type: Guid (0:0:0)], @p1 = 'E' [Type: String (4000:0:0)]
command 2:
    INSERT 
    INTO
        dbo.UsersRoles
        (UserId, RoleId) 
    VALUES
        (@p0, @p1);
    @p0 = 758be66f-a814-4a22-be17-a72900bede2e [Type: Guid (0:0:0)], @p1 = 'M' [Type: String (4000:0:0)]
command 3:
    INSERT 
    INTO
        dbo.UsersRoles
        (UserId, RoleId) 
    VALUES
        (@p0, @p1);
    @p0 = 758be66f-a814-4a22-be17-a72900bede2e [Type: Guid (0:0:0)], @p1 = 'S' [Type: String (4000:0:0)]
command 4:
    INSERT 
    INTO
        dbo.UsersRoles
        (UserId, RoleId) 
    VALUES
        (@p0, @p1);
    @p0 = 758be66f-a814-4a22-be17-a72900bede2e [Type: Guid (0:0:0)], @p1 = 'SA' [Type: String (4000:0:0)]
command 5:
    INSERT 
    INTO
        dbo.UsersRoles
        (UserId, RoleId) 
    VALUES
        (@p0, @p1);
    @p0 = 758be66f-a814-4a22-be17-a72900bede2e [Type: Guid (0:0:0)], @p1 = 'W' [Type: String (4000:0:0)]

NHibernate: Batch commands:
command 0:
    INSERT 
    INTO
        dbo.Users
        (Username, Password, BranchId, FirstName, MiddleName, LastName, BirthDate, Street, Barangay, City, Province, Region, Country, ZipCode, UserId) 
    VALUES
        (@p0, @p1, @p2, @p3, @p4, @p5, @p6, @p7, @p8, @p9, @p10, @p11, @p12, @p13, @p14);
    @p0 = 'Username_d0927397-a20f-4eb1-98b5-75874e48d4d6' [Type: String (4000:0:0)], @p1 = 'Password_0e11d1d6-4b99-4ad6-ac28-eb0a93af5ade' [Type: String (4000:0:0)], @p2 = b542461b-aa1f-46ef-afad-a72900bede17 [Type: Guid (0:0:0)], @p3 = 'FirstName_8a6ec749-c4cd-4a9e-8518-6cdd73ac7262' [Type: String (4000:0:0)], @p4 = 'MiddleName_3d9d660e-3d9b-4d90-b60d-6bc28d37458c' [Type: String (4000:0:0)], @p5 = 'LastName_b7865856-2559-4063-91cf-9ea22813a1f3' [Type: String (4000:0:0)], @p6 = 2017-03-01T00:00:00.0000000 [Type: DateTime (0:0:0)], @p7 = 'Street_88c40f7c-cee0-4662-979b-87b453db465e' [Type: String (4000:0:0)], @p8 = 'Barangay_473270ae-1aa6-4fb7-a90b-d3ad5b2007ae' [Type: String (4000:0:0)], @p9 = 'City_438c1fe6-0196-4b83-88ee-9597aac32dff' [Type: String (4000:0:0)], @p10 = 'Province_82042749-81ce-4251-bf6b-99a42f0648fa' [Type: String (4000:0:0)], @p11 = 'Region_c59a53cc-05b5-4a18-81f1-01d78a5a476e' [Type: String (4000:0:0)], @p12 = 'Country_36d9489c-fd85-469b-951c-ab7f17fca55b' [Type: String (4000:0:0)], @p13 = 'ZipCode_a83bda36-7e59-40df-969d-221731278ad7' [Type: String (4000:0:0)], @p14 = 6d0778ce-8d5a-40f8-9a93-a72900bede30 [Type: Guid (0:0:0)]

NHibernate: Batch commands:
command 0:
    INSERT 
    INTO
        dbo.UsersRoles
        (UserId, RoleId) 
    VALUES
        (@p0, @p1);
    @p0 = 6d0778ce-8d5a-40f8-9a93-a72900bede30 [Type: Guid (0:0:0)], @p1 = 'A' [Type: String (4000:0:0)]
command 1:
    INSERT 
    INTO
        dbo.UsersRoles
        (UserId, RoleId) 
    VALUES
        (@p0, @p1);
    @p0 = 6d0778ce-8d5a-40f8-9a93-a72900bede30 [Type: Guid (0:0:0)], @p1 = 'E' [Type: String (4000:0:0)]
command 2:
    INSERT 
    INTO
        dbo.UsersRoles
        (UserId, RoleId) 
    VALUES
        (@p0, @p1);
    @p0 = 6d0778ce-8d5a-40f8-9a93-a72900bede30 [Type: Guid (0:0:0)], @p1 = 'M' [Type: String (4000:0:0)]
command 3:
    INSERT 
    INTO
        dbo.UsersRoles
        (UserId, RoleId) 
    VALUES
        (@p0, @p1);
    @p0 = 6d0778ce-8d5a-40f8-9a93-a72900bede30 [Type: Guid (0:0:0)], @p1 = 'S' [Type: String (4000:0:0)]
command 4:
    INSERT 
    INTO
        dbo.UsersRoles
        (UserId, RoleId) 
    VALUES
        (@p0, @p1);
    @p0 = 6d0778ce-8d5a-40f8-9a93-a72900bede30 [Type: Guid (0:0:0)], @p1 = 'SA' [Type: String (4000:0:0)]
command 5:
    INSERT 
    INTO
        dbo.UsersRoles
        (UserId, RoleId) 
    VALUES
        (@p0, @p1);
    @p0 = 6d0778ce-8d5a-40f8-9a93-a72900bede30 [Type: Guid (0:0:0)], @p1 = 'W' [Type: String (4000:0:0)]

NHibernate: 
    select
        user0_.UserId as UserI1_25_,
        user0_.Username as Usern2_25_,
        user0_.Password as Passw3_25_,
        user0_.BranchId as Branc4_25_,
        user0_.FirstName as First5_25_,
        user0_.MiddleName as Middl6_25_,
        user0_.LastName as LastN7_25_,
        user0_.BirthDate as Birth8_25_,
        user0_.Street as Stree9_25_,
        user0_.Barangay as Bara10_25_,
        user0_.City as City11_25_,
        user0_.Province as Prov12_25_,
        user0_.Region as Regi13_25_,
        user0_.Country as Coun14_25_,
        user0_.ZipCode as ZipC15_25_ 
    from
        dbo.Users user0_
NHibernate: 
    select
        customer0_.CustomerId as Custom1_2_,
        customer0_.Name as Name2_2_,
        customer0_.PricingSchemeId as Pricin3_2_,
        customer0_.CreditLimit_Amount as Credit4_2_,
        customer0_.CreditLimit_CurrencyId as Credit5_2_,
        customer0_.Office_Street as Office6_2_,
        customer0_.Office_Barangay as Office7_2_,
        customer0_.Office_City as Office8_2_,
        customer0_.Office_Province as Office9_2_,
        customer0_.Office_Region as Offic10_2_,
        customer0_.Office_Country as Offic11_2_,
        customer0_.Office_ZipCode as Offic12_2_,
        customer0_.Billing_Street as Billi13_2_,
        customer0_.Billing_Barangay as Billi14_2_,
        customer0_.Billing_City as Billi15_2_,
        customer0_.Billing_Province as Billi16_2_,
        customer0_.Billing_Region as Billi17_2_,
        customer0_.Billing_Country as Billi18_2_,
        customer0_.Billing_ZipCode as Billi19_2_,
        customer0_.Email as Email20_2_,
        customer0_.Landline as Landl21_2_,
        customer0_.Fax as Fax22_2_,
        customer0_.Mobile as Mobil23_2_,
        customer0_.Web as Web24_2_ 
    from
        dbo.Customers customer0_ 
    where
        customer0_.CustomerId=@p0 
    ORDER BY
        CURRENT_TIMESTAMP OFFSET 0 ROWS FETCH FIRST 1 ROWS ONLY;
    @p0 = 'Id__3a72e713-151e-4713-b394-a57f682b4b02' [Type: String (4000:0:0)]
NHibernate: Batch commands:
command 0:
    INSERT 
    INTO
        dbo.Customers
        (Name, PricingSchemeId, CreditLimit_Amount, CreditLimit_CurrencyId, Office_Street, Office_Barangay, Office_City, Office_Province, Office_Region, Office_Country, Office_ZipCode, Billing_Street, Billing_Barangay, Billing_City, Billing_Province, Billing_Region, Billing_Country, Billing_ZipCode, Email, Landline, Fax, Mobile, Web, CustomerId) 
    VALUES
        (@p0, @p1, @p2, @p3, @p4, @p5, @p6, @p7, @p8, @p9, @p10, @p11, @p12, @p13, @p14, @p15, @p16, @p17, @p18, @p19, @p20, @p21, @p22, @p23);
    @p0 = 'Name__493f6dbe-3609-479c-b891-af217e354ed7' [Type: String (4000:0:0)], @p1 = 'RP' [Type: String (4000:0:0)], @p2 = 1000.00 [Type: Decimal (0:5:28)], @p3 = 'PHP' [Type: String (4000:0:0)], @p4 = 'Street_VKhnzdffya' [Type: String (4000:0:0)], @p5 = 'Barangay_ekeyvnMGjE' [Type: String (4000:0:0)], @p6 = 'City_kHyQF3DB1G' [Type: String (4000:0:0)], @p7 = 'Province_ysBxQQw9cF' [Type: String (4000:0:0)], @p8 = 'Region_xc36QQZdX8' [Type: String (4000:0:0)], @p9 = 'Philippines' [Type: String (4000:0:0)], @p10 = '4625' [Type: String (4000:0:0)], @p11 = 'Street_wmHPKOC3w1' [Type: String (4000:0:0)], @p12 = 'Barangay_EZMJhxfzwc' [Type: String (4000:0:0)], @p13 = 'City_kSyPEHZQnP' [Type: String (4000:0:0)], @p14 = 'Province_PME2b3cUu3' [Type: String (4000:0:0)], @p15 = 'Region_VHdXpELm5d' [Type: String (4000:0:0)], @p16 = 'Philippines' [Type: String (4000:0:0)], @p17 = '2064' [Type: String (4000:0:0)], @p18 = 'xuPD3UUspVLE2HczajA6xUKdo@DztN1ji3.com' [Type: String (4000:0:0)], @p19 = '(79)917-38-50' [Type: String (4000:0:0)], @p20 = '(72)469-63-37' [Type: String (4000:0:0)], @p21 = '(62)795-472-8478' [Type: String (4000:0:0)], @p22 = 'http://www.whYOTwu14RJmgQH.com' [Type: String (4000:0:0)], @p23 = 'Id__3a72e713-151e-4713-b394-a57f682b4b02' [Type: String (4000:0:0)]

NHibernate: 
    select
        customer0_.CustomerId as Custom1_2_,
        customer0_.Name as Name2_2_,
        customer0_.PricingSchemeId as Pricin3_2_,
        customer0_.CreditLimit_Amount as Credit4_2_,
        customer0_.CreditLimit_CurrencyId as Credit5_2_,
        customer0_.Office_Street as Office6_2_,
        customer0_.Office_Barangay as Office7_2_,
        customer0_.Office_City as Office8_2_,
        customer0_.Office_Province as Office9_2_,
        customer0_.Office_Region as Offic10_2_,
        customer0_.Office_Country as Offic11_2_,
        customer0_.Office_ZipCode as Offic12_2_,
        customer0_.Billing_Street as Billi13_2_,
        customer0_.Billing_Barangay as Billi14_2_,
        customer0_.Billing_City as Billi15_2_,
        customer0_.Billing_Province as Billi16_2_,
        customer0_.Billing_Region as Billi17_2_,
        customer0_.Billing_Country as Billi18_2_,
        customer0_.Billing_ZipCode as Billi19_2_,
        customer0_.Email as Email20_2_,
        customer0_.Landline as Landl21_2_,
        customer0_.Fax as Fax22_2_,
        customer0_.Mobile as Mobil23_2_,
        customer0_.Web as Web24_2_ 
    from
        dbo.Customers customer0_ 
    where
        customer0_.CustomerId=@p0 
    ORDER BY
        CURRENT_TIMESTAMP OFFSET 0 ROWS FETCH FIRST 1 ROWS ONLY;
    @p0 = 'Id__96b2b6e3-9f2a-421d-9358-65c5defaec17' [Type: String (4000:0:0)]
NHibernate: Batch commands:
command 0:
    INSERT 
    INTO
        dbo.Customers
        (Name, PricingSchemeId, CreditLimit_Amount, CreditLimit_CurrencyId, Office_Street, Office_Barangay, Office_City, Office_Province, Office_Region, Office_Country, Office_ZipCode, Billing_Street, Billing_Barangay, Billing_City, Billing_Province, Billing_Region, Billing_Country, Billing_ZipCode, Email, Landline, Fax, Mobile, Web, CustomerId) 
    VALUES
        (@p0, @p1, @p2, @p3, @p4, @p5, @p6, @p7, @p8, @p9, @p10, @p11, @p12, @p13, @p14, @p15, @p16, @p17, @p18, @p19, @p20, @p21, @p22, @p23);
    @p0 = 'Name__b010f5b7-f23e-430b-8243-f152f4160c62' [Type: String (4000:0:0)], @p1 = 'BSP' [Type: String (4000:0:0)], @p2 = 1000.00 [Type: Decimal (0:5:28)], @p3 = 'PHP' [Type: String (4000:0:0)], @p4 = 'Street_3fsQURiCAR' [Type: String (4000:0:0)], @p5 = 'Barangay_R5PdGbQm01' [Type: String (4000:0:0)], @p6 = 'City_i7uDmZqmuf' [Type: String (4000:0:0)], @p7 = 'Province_pMfQ4vL4bw' [Type: String (4000:0:0)], @p8 = 'Region_V1sLPHSYaj' [Type: String (4000:0:0)], @p9 = 'Philippines' [Type: String (4000:0:0)], @p10 = '3641' [Type: String (4000:0:0)], @p11 = 'Street_t51JJfCWrQ' [Type: String (4000:0:0)], @p12 = 'Barangay_j4TBwirhf0' [Type: String (4000:0:0)], @p13 = 'City_NoeRHO1Azd' [Type: String (4000:0:0)], @p14 = 'Province_kp2voLZ8wv' [Type: String (4000:0:0)], @p15 = 'Region_QLBqOhk4dr' [Type: String (4000:0:0)], @p16 = 'Philippines' [Type: String (4000:0:0)], @p17 = '6714' [Type: String (4000:0:0)], @p18 = 'f97z5BhXmKswukCnyDjo7hJup@xunJJCRg.com' [Type: String (4000:0:0)], @p19 = '(19)647-70-96' [Type: String (4000:0:0)], @p20 = '(19)894-29-36' [Type: String (4000:0:0)], @p21 = '(85)286-239-2170' [Type: String (4000:0:0)], @p22 = 'http://www.HvMD1TgCh1hAJHh.com' [Type: String (4000:0:0)], @p23 = 'Id__96b2b6e3-9f2a-421d-9358-65c5defaec17' [Type: String (4000:0:0)]

NHibernate: 
    select
        customer0_.CustomerId as Custom1_2_,
        customer0_.Name as Name2_2_,
        customer0_.PricingSchemeId as Pricin3_2_,
        customer0_.CreditLimit_Amount as Credit4_2_,
        customer0_.CreditLimit_CurrencyId as Credit5_2_,
        customer0_.Office_Street as Office6_2_,
        customer0_.Office_Barangay as Office7_2_,
        customer0_.Office_City as Office8_2_,
        customer0_.Office_Province as Office9_2_,
        customer0_.Office_Region as Offic10_2_,
        customer0_.Office_Country as Offic11_2_,
        customer0_.Office_ZipCode as Offic12_2_,
        customer0_.Billing_Street as Billi13_2_,
        customer0_.Billing_Barangay as Billi14_2_,
        customer0_.Billing_City as Billi15_2_,
        customer0_.Billing_Province as Billi16_2_,
        customer0_.Billing_Region as Billi17_2_,
        customer0_.Billing_Country as Billi18_2_,
        customer0_.Billing_ZipCode as Billi19_2_,
        customer0_.Email as Email20_2_,
        customer0_.Landline as Landl21_2_,
        customer0_.Fax as Fax22_2_,
        customer0_.Mobile as Mobil23_2_,
        customer0_.Web as Web24_2_ 
    from
        dbo.Customers customer0_ 
    where
        customer0_.CustomerId=@p0 
    ORDER BY
        CURRENT_TIMESTAMP OFFSET 0 ROWS FETCH FIRST 1 ROWS ONLY;
    @p0 = 'Id__286419bf-789f-4d4a-b164-4154439e23b2' [Type: String (4000:0:0)]
NHibernate: Batch commands:
command 0:
    INSERT 
    INTO
        dbo.Customers
        (Name, PricingSchemeId, CreditLimit_Amount, CreditLimit_CurrencyId, Office_Street, Office_Barangay, Office_City, Office_Province, Office_Region, Office_Country, Office_ZipCode, Billing_Street, Billing_Barangay, Billing_City, Billing_Province, Billing_Region, Billing_Country, Billing_ZipCode, Email, Landline, Fax, Mobile, Web, CustomerId) 
    VALUES
        (@p0, @p1, @p2, @p3, @p4, @p5, @p6, @p7, @p8, @p9, @p10, @p11, @p12, @p13, @p14, @p15, @p16, @p17, @p18, @p19, @p20, @p21, @p22, @p23);
    @p0 = 'Name__8b90fd6f-535c-4ce2-a5f4-a3bdf96f9147' [Type: String (4000:0:0)], @p1 = 'BP' [Type: String (4000:0:0)], @p2 = 1000.00 [Type: Decimal (0:5:28)], @p3 = 'PHP' [Type: String (4000:0:0)], @p4 = 'Street_k65EW94Erp' [Type: String (4000:0:0)], @p5 = 'Barangay_c8ewnuT7PC' [Type: String (4000:0:0)], @p6 = 'City_8FZOJcHNgh' [Type: String (4000:0:0)], @p7 = 'Province_Oq6duNAvFV' [Type: String (4000:0:0)], @p8 = 'Region_op5EnD4w6h' [Type: String (4000:0:0)], @p9 = 'Philippines' [Type: String (4000:0:0)], @p10 = '4863' [Type: String (4000:0:0)], @p11 = 'Street_UzDTiVpunB' [Type: String (4000:0:0)], @p12 = 'Barangay_PdocFZ8iWQ' [Type: String (4000:0:0)], @p13 = 'City_VLDfsPjzeG' [Type: String (4000:0:0)], @p14 = 'Province_SLKmKeQ6oM' [Type: String (4000:0:0)], @p15 = 'Region_H4LeFYDsKs' [Type: String (4000:0:0)], @p16 = 'Philippines' [Type: String (4000:0:0)], @p17 = '9848' [Type: String (4000:0:0)], @p18 = 'OgKAETBTmJC5KJb9jaTL1qwxc@H0DyzgTm.com' [Type: String (4000:0:0)], @p19 = '(37)862-20-59' [Type: String (4000:0:0)], @p20 = '(20)405-17-38' [Type: String (4000:0:0)], @p21 = '(76)422-591-9521' [Type: String (4000:0:0)], @p22 = 'http://www.N3YAdBEBYijR43L.com' [Type: String (4000:0:0)], @p23 = 'Id__286419bf-789f-4d4a-b164-4154439e23b2' [Type: String (4000:0:0)]

NHibernate: 
    select
        customer0_.CustomerId as Custom1_2_,
        customer0_.Name as Name2_2_,
        customer0_.PricingSchemeId as Pricin3_2_,
        customer0_.CreditLimit_Amount as Credit4_2_,
        customer0_.CreditLimit_CurrencyId as Credit5_2_,
        customer0_.Office_Street as Office6_2_,
        customer0_.Office_Barangay as Office7_2_,
        customer0_.Office_City as Office8_2_,
        customer0_.Office_Province as Office9_2_,
        customer0_.Office_Region as Offic10_2_,
        customer0_.Office_Country as Offic11_2_,
        customer0_.Office_ZipCode as Offic12_2_,
        customer0_.Billing_Street as Billi13_2_,
        customer0_.Billing_Barangay as Billi14_2_,
        customer0_.Billing_City as Billi15_2_,
        customer0_.Billing_Province as Billi16_2_,
        customer0_.Billing_Region as Billi17_2_,
        customer0_.Billing_Country as Billi18_2_,
        customer0_.Billing_ZipCode as Billi19_2_,
        customer0_.Email as Email20_2_,
        customer0_.Landline as Landl21_2_,
        customer0_.Fax as Fax22_2_,
        customer0_.Mobile as Mobil23_2_,
        customer0_.Web as Web24_2_ 
    from
        dbo.Customers customer0_ 
    where
        customer0_.CustomerId=@p0 
    ORDER BY
        CURRENT_TIMESTAMP OFFSET 0 ROWS FETCH FIRST 1 ROWS ONLY;
    @p0 = 'Id__a2e0bf2e-7938-4370-89b6-ea05cd648bce' [Type: String (4000:0:0)]
NHibernate: Batch commands:
command 0:
    INSERT 
    INTO
        dbo.Customers
        (Name, PricingSchemeId, CreditLimit_Amount, CreditLimit_CurrencyId, Office_Street, Office_Barangay, Office_City, Office_Province, Office_Region, Office_Country, Office_ZipCode, Billing_Street, Billing_Barangay, Billing_City, Billing_Province, Billing_Region, Billing_Country, Billing_ZipCode, Email, Landline, Fax, Mobile, Web, CustomerId) 
    VALUES
        (@p0, @p1, @p2, @p3, @p4, @p5, @p6, @p7, @p8, @p9, @p10, @p11, @p12, @p13, @p14, @p15, @p16, @p17, @p18, @p19, @p20, @p21, @p22, @p23);
    @p0 = 'Name__2524caaa-871f-45f9-b3b4-04678e508229' [Type: String (4000:0:0)], @p1 = 'RP' [Type: String (4000:0:0)], @p2 = 1000.00 [Type: Decimal (0:5:28)], @p3 = 'PHP' [Type: String (4000:0:0)], @p4 = 'Street_C8qgi13CNh' [Type: String (4000:0:0)], @p5 = 'Barangay_oKPR8zYaUC' [Type: String (4000:0:0)], @p6 = 'City_FKdfYD6LsL' [Type: String (4000:0:0)], @p7 = 'Province_WLVhtzhTGw' [Type: String (4000:0:0)], @p8 = 'Region_24WSVrqi4K' [Type: String (4000:0:0)], @p9 = 'Philippines' [Type: String (4000:0:0)], @p10 = '7815' [Type: String (4000:0:0)], @p11 = 'Street_2ugyCEAqC0' [Type: String (4000:0:0)], @p12 = 'Barangay_hzAtwBBCat' [Type: String (4000:0:0)], @p13 = 'City_i14ZUKUmFi' [Type: String (4000:0:0)], @p14 = 'Province_VQ96Rv1HuS' [Type: String (4000:0:0)], @p15 = 'Region_5Da4Gz5W0C' [Type: String (4000:0:0)], @p16 = 'Philippines' [Type: String (4000:0:0)], @p17 = '6239' [Type: String (4000:0:0)], @p18 = 'cmFER0DbBK4SHxea9TeP8vCqm@uM3NuMF4.com' [Type: String (4000:0:0)], @p19 = '(57)635-64-72' [Type: String (4000:0:0)], @p20 = '(59)686-11-43' [Type: String (4000:0:0)], @p21 = '(60)475-518-5822' [Type: String (4000:0:0)], @p22 = 'http://www.sdbUzz914z28bYA.com' [Type: String (4000:0:0)], @p23 = 'Id__a2e0bf2e-7938-4370-89b6-ea05cd648bce' [Type: String (4000:0:0)]

NHibernate: 
    select
        customer0_.CustomerId as Custom1_2_,
        customer0_.Name as Name2_2_,
        customer0_.PricingSchemeId as Pricin3_2_,
        customer0_.CreditLimit_Amount as Credit4_2_,
        customer0_.CreditLimit_CurrencyId as Credit5_2_,
        customer0_.Office_Street as Office6_2_,
        customer0_.Office_Barangay as Office7_2_,
        customer0_.Office_City as Office8_2_,
        customer0_.Office_Province as Office9_2_,
        customer0_.Office_Region as Offic10_2_,
        customer0_.Office_Country as Offic11_2_,
        customer0_.Office_ZipCode as Offic12_2_,
        customer0_.Billing_Street as Billi13_2_,
        customer0_.Billing_Barangay as Billi14_2_,
        customer0_.Billing_City as Billi15_2_,
        customer0_.Billing_Province as Billi16_2_,
        customer0_.Billing_Region as Billi17_2_,
        customer0_.Billing_Country as Billi18_2_,
        customer0_.Billing_ZipCode as Billi19_2_,
        customer0_.Email as Email20_2_,
        customer0_.Landline as Landl21_2_,
        customer0_.Fax as Fax22_2_,
        customer0_.Mobile as Mobil23_2_,
        customer0_.Web as Web24_2_ 
    from
        dbo.Customers customer0_ 
    where
        customer0_.CustomerId=@p0 
    ORDER BY
        CURRENT_TIMESTAMP OFFSET 0 ROWS FETCH FIRST 1 ROWS ONLY;
    @p0 = 'Id__15d988e3-5fd9-44bc-b321-a305ccb123f8' [Type: String (4000:0:0)]
NHibernate: Batch commands:
command 0:
    INSERT 
    INTO
        dbo.Customers
        (Name, PricingSchemeId, CreditLimit_Amount, CreditLimit_CurrencyId, Office_Street, Office_Barangay, Office_City, Office_Province, Office_Region, Office_Country, Office_ZipCode, Billing_Street, Billing_Barangay, Billing_City, Billing_Province, Billing_Region, Billing_Country, Billing_ZipCode, Email, Landline, Fax, Mobile, Web, CustomerId) 
    VALUES
        (@p0, @p1, @p2, @p3, @p4, @p5, @p6, @p7, @p8, @p9, @p10, @p11, @p12, @p13, @p14, @p15, @p16, @p17, @p18, @p19, @p20, @p21, @p22, @p23);
    @p0 = 'Name__c70cc904-665b-4134-a51c-10149eb60664' [Type: String (4000:0:0)], @p1 = 'RP' [Type: String (4000:0:0)], @p2 = 1000.00 [Type: Decimal (0:5:28)], @p3 = 'PHP' [Type: String (4000:0:0)], @p4 = 'Street_ag9hgqWbe0' [Type: String (4000:0:0)], @p5 = 'Barangay_f9EjhE3AHa' [Type: String (4000:0:0)], @p6 = 'City_X4U60wW8GD' [Type: String (4000:0:0)], @p7 = 'Province_8hO0yxPckB' [Type: String (4000:0:0)], @p8 = 'Region_3mpug4PVTO' [Type: String (4000:0:0)], @p9 = 'Philippines' [Type: String (4000:0:0)], @p10 = '3155' [Type: String (4000:0:0)], @p11 = 'Street_9Av37pHWXD' [Type: String (4000:0:0)], @p12 = 'Barangay_YsSLczrhJR' [Type: String (4000:0:0)], @p13 = 'City_FUiKMxMKrX' [Type: String (4000:0:0)], @p14 = 'Province_YRhHXfz915' [Type: String (4000:0:0)], @p15 = 'Region_fFiAeNDG21' [Type: String (4000:0:0)], @p16 = 'Philippines' [Type: String (4000:0:0)], @p17 = '7374' [Type: String (4000:0:0)], @p18 = '2gKXHLLy7ArrOv9vhq9tERzYY@fpLtXcnx.com' [Type: String (4000:0:0)], @p19 = '(44)401-65-63' [Type: String (4000:0:0)], @p20 = '(95)901-61-69' [Type: String (4000:0:0)], @p21 = '(71)794-977-6556' [Type: String (4000:0:0)], @p22 = 'http://www.NnjYoWC3T51SUhH.com' [Type: String (4000:0:0)], @p23 = 'Id__15d988e3-5fd9-44bc-b321-a305ccb123f8' [Type: String (4000:0:0)]

NHibernate: 
    select
        customer0_.CustomerId as Custom1_2_,
        customer0_.Name as Name2_2_,
        customer0_.PricingSchemeId as Pricin3_2_,
        customer0_.CreditLimit_Amount as Credit4_2_,
        customer0_.CreditLimit_CurrencyId as Credit5_2_,
        customer0_.Office_Street as Office6_2_,
        customer0_.Office_Barangay as Office7_2_,
        customer0_.Office_City as Office8_2_,
        customer0_.Office_Province as Office9_2_,
        customer0_.Office_Region as Offic10_2_,
        customer0_.Office_Country as Offic11_2_,
        customer0_.Office_ZipCode as Offic12_2_,
        customer0_.Billing_Street as Billi13_2_,
        customer0_.Billing_Barangay as Billi14_2_,
        customer0_.Billing_City as Billi15_2_,
        customer0_.Billing_Province as Billi16_2_,
        customer0_.Billing_Region as Billi17_2_,
        customer0_.Billing_Country as Billi18_2_,
        customer0_.Billing_ZipCode as Billi19_2_,
        customer0_.Email as Email20_2_,
        customer0_.Landline as Landl21_2_,
        customer0_.Fax as Fax22_2_,
        customer0_.Mobile as Mobil23_2_,
        customer0_.Web as Web24_2_ 
    from
        dbo.Customers customer0_ 
    where
        customer0_.CustomerId=@p0 
    ORDER BY
        CURRENT_TIMESTAMP OFFSET 0 ROWS FETCH FIRST 1 ROWS ONLY;
    @p0 = 'Id__a88f515f-3653-48d5-9d97-b24b410ce318' [Type: String (4000:0:0)]
NHibernate: Batch commands:
command 0:
    INSERT 
    INTO
        dbo.Customers
        (Name, PricingSchemeId, CreditLimit_Amount, CreditLimit_CurrencyId, Office_Street, Office_Barangay, Office_City, Office_Province, Office_Region, Office_Country, Office_ZipCode, Billing_Street, Billing_Barangay, Billing_City, Billing_Province, Billing_Region, Billing_Country, Billing_ZipCode, Email, Landline, Fax, Mobile, Web, CustomerId) 
    VALUES
        (@p0, @p1, @p2, @p3, @p4, @p5, @p6, @p7, @p8, @p9, @p10, @p11, @p12, @p13, @p14, @p15, @p16, @p17, @p18, @p19, @p20, @p21, @p22, @p23);
    @p0 = 'Name__d161b97f-05a7-4126-bb99-83e867d606a4' [Type: String (4000:0:0)], @p1 = 'BSP' [Type: String (4000:0:0)], @p2 = 1000.00 [Type: Decimal (0:5:28)], @p3 = 'PHP' [Type: String (4000:0:0)], @p4 = 'Street_AnHbN1YS2r' [Type: String (4000:0:0)], @p5 = 'Barangay_Tn1uZW5nPE' [Type: String (4000:0:0)], @p6 = 'City_OtPpCjrvbg' [Type: String (4000:0:0)], @p7 = 'Province_0GH3FDmxYn' [Type: String (4000:0:0)], @p8 = 'Region_nqyL0zCZou' [Type: String (4000:0:0)], @p9 = 'Philippines' [Type: String (4000:0:0)], @p10 = '5226' [Type: String (4000:0:0)], @p11 = 'Street_AiiY9G39va' [Type: String (4000:0:0)], @p12 = 'Barangay_sq5o7wOwuz' [Type: String (4000:0:0)], @p13 = 'City_aZFhvPka5h' [Type: String (4000:0:0)], @p14 = 'Province_Bp2obirUJb' [Type: String (4000:0:0)], @p15 = 'Region_y7uxL6uFjH' [Type: String (4000:0:0)], @p16 = 'Philippines' [Type: String (4000:0:0)], @p17 = '7891' [Type: String (4000:0:0)], @p18 = 'BjTNDxRMZF4nTBdqTWyfe1yhc@GeoVpris.com' [Type: String (4000:0:0)], @p19 = '(94)925-34-24' [Type: String (4000:0:0)], @p20 = '(56)494-61-66' [Type: String (4000:0:0)], @p21 = '(78)785-776-9530' [Type: String (4000:0:0)], @p22 = 'http://www.qxYbjHJc4KCF6QX.com' [Type: String (4000:0:0)], @p23 = 'Id__a88f515f-3653-48d5-9d97-b24b410ce318' [Type: String (4000:0:0)]

NHibernate: 
    select
        customer0_.CustomerId as Custom1_2_,
        customer0_.Name as Name2_2_,
        customer0_.PricingSchemeId as Pricin3_2_,
        customer0_.CreditLimit_Amount as Credit4_2_,
        customer0_.CreditLimit_CurrencyId as Credit5_2_,
        customer0_.Office_Street as Office6_2_,
        customer0_.Office_Barangay as Office7_2_,
        customer0_.Office_City as Office8_2_,
        customer0_.Office_Province as Office9_2_,
        customer0_.Office_Region as Offic10_2_,
        customer0_.Office_Country as Offic11_2_,
        customer0_.Office_ZipCode as Offic12_2_,
        customer0_.Billing_Street as Billi13_2_,
        customer0_.Billing_Barangay as Billi14_2_,
        customer0_.Billing_City as Billi15_2_,
        customer0_.Billing_Province as Billi16_2_,
        customer0_.Billing_Region as Billi17_2_,
        customer0_.Billing_Country as Billi18_2_,
        customer0_.Billing_ZipCode as Billi19_2_,
        customer0_.Email as Email20_2_,
        customer0_.Landline as Landl21_2_,
        customer0_.Fax as Fax22_2_,
        customer0_.Mobile as Mobil23_2_,
        customer0_.Web as Web24_2_ 
    from
        dbo.Customers customer0_ 
    where
        customer0_.CustomerId=@p0 
    ORDER BY
        CURRENT_TIMESTAMP OFFSET 0 ROWS FETCH FIRST 1 ROWS ONLY;
    @p0 = 'Id__f8cd07ee-1cd1-4134-a9ad-63de3c462dec' [Type: String (4000:0:0)]
NHibernate: Batch commands:
command 0:
    INSERT 
    INTO
        dbo.Customers
        (Name, PricingSchemeId, CreditLimit_Amount, CreditLimit_CurrencyId, Office_Street, Office_Barangay, Office_City, Office_Province, Office_Region, Office_Country, Office_ZipCode, Billing_Street, Billing_Barangay, Billing_City, Billing_Province, Billing_Region, Billing_Country, Billing_ZipCode, Email, Landline, Fax, Mobile, Web, CustomerId) 
    VALUES
        (@p0, @p1, @p2, @p3, @p4, @p5, @p6, @p7, @p8, @p9, @p10, @p11, @p12, @p13, @p14, @p15, @p16, @p17, @p18, @p19, @p20, @p21, @p22, @p23);
    @p0 = 'Name__bea18553-4ddd-4b10-b494-9bcc87257eb4' [Type: String (4000:0:0)], @p1 = 'RP' [Type: String (4000:0:0)], @p2 = 1000.00 [Type: Decimal (0:5:28)], @p3 = 'PHP' [Type: String (4000:0:0)], @p4 = 'Street_MR9v2iDBGf' [Type: String (4000:0:0)], @p5 = 'Barangay_3GCtJOHVj6' [Type: String (4000:0:0)], @p6 = 'City_9eGbeyuYmM' [Type: String (4000:0:0)], @p7 = 'Province_NJ57agirBi' [Type: String (4000:0:0)], @p8 = 'Region_fySo1uJsWk' [Type: String (4000:0:0)], @p9 = 'Philippines' [Type: String (4000:0:0)], @p10 = '5912' [Type: String (4000:0:0)], @p11 = 'Street_FvS93Yf9p6' [Type: String (4000:0:0)], @p12 = 'Barangay_ATPGMf7pVu' [Type: String (4000:0:0)], @p13 = 'City_HOmci4EzOg' [Type: String (4000:0:0)], @p14 = 'Province_RGsfO9qrOp' [Type: String (4000:0:0)], @p15 = 'Region_U5sKnWjEoU' [Type: String (4000:0:0)], @p16 = 'Philippines' [Type: String (4000:0:0)], @p17 = '3862' [Type: String (4000:0:0)], @p18 = 'cpKM3mt2NzQaraNgczMV9L3bg@zsnzdrBS.com' [Type: String (4000:0:0)], @p19 = '(51)640-38-35' [Type: String (4000:0:0)], @p20 = '(71)876-14-24' [Type: String (4000:0:0)], @p21 = '(77)750-693-1680' [Type: String (4000:0:0)], @p22 = 'http://www.V1Rh7tv0MbezUmj.com' [Type: String (4000:0:0)], @p23 = 'Id__f8cd07ee-1cd1-4134-a9ad-63de3c462dec' [Type: String (4000:0:0)]

NHibernate: 
    select
        customer0_.CustomerId as Custom1_2_,
        customer0_.Name as Name2_2_,
        customer0_.PricingSchemeId as Pricin3_2_,
        customer0_.CreditLimit_Amount as Credit4_2_,
        customer0_.CreditLimit_CurrencyId as Credit5_2_,
        customer0_.Office_Street as Office6_2_,
        customer0_.Office_Barangay as Office7_2_,
        customer0_.Office_City as Office8_2_,
        customer0_.Office_Province as Office9_2_,
        customer0_.Office_Region as Offic10_2_,
        customer0_.Office_Country as Offic11_2_,
        customer0_.Office_ZipCode as Offic12_2_,
        customer0_.Billing_Street as Billi13_2_,
        customer0_.Billing_Barangay as Billi14_2_,
        customer0_.Billing_City as Billi15_2_,
        customer0_.Billing_Province as Billi16_2_,
        customer0_.Billing_Region as Billi17_2_,
[...]
        this_.OrderedOn as Ordere6_5_21_,
        this_.CreatedOn as Create7_5_21_,
        this_.StagedOn as Staged8_5_21_,
        this_.ShippedOn as Shippe9_5_21_,
        this_.RoutedOn as Route10_5_21_,
        this_.InvoicedOn as Invoi11_5_21_,
        this_.PaidOn as PaidO12_5_21_,
        this_.CompletedOn as Compl13_5_21_,
        this_.ReturnedOn as Retur14_5_21_,
        this_.CancelledOn as Cance15_5_21_,
        this_.CancellationReason as Cance16_5_21_,
        this_.BranchId as Branc17_5_21_,
        this_.CustomerId as Custo18_5_21_,
        this_.PaymentTypeId as Payme19_5_21_,
        this_.ShipperId as Shipp20_5_21_,
        this_.OrderedById as Order21_5_21_,
        this_.CreatedById as Creat22_5_21_,
        this_.StagedById as Stage23_5_21_,
        this_.ShippedById as Shipp24_5_21_,
        this_.RoutedById as Route25_5_21_,
        this_.InvoicedById as Invoi26_5_21_,
        this_.PaidToId as PaidT27_5_21_,
        this_.CompletedById as Compl28_5_21_,
        this_.ReturnedById as Retur29_5_21_,
        this_.CancelledById as Cance30_5_21_,
        this_.PricingSchemeId as Prici31_5_21_,
        this_.Tax_Amount as Tax32_5_21_,
        this_.Tax_CurrencyId as Tax33_5_21_,
        this_.ShippingFee_Amount as Shipp34_5_21_,
        this_.ShippingFee_CurrencyId as Shipp35_5_21_,
        this_.Discount_Amount as Disco36_5_21_,
        this_.Discount_CurrencyId as Disco37_5_21_,
        this_.Returned_Amount as Retur38_5_21_,
        this_.Returned_CurrencyId as Retur39_5_21_,
        this_.SubTotal_Amount as SubTo40_5_21_,
        this_.SubTotal_CurrencyId as SubTo41_5_21_,
        this_.Total_Amount as Total42_5_21_,
        this_.Total_CurrencyId as Total43_5_21_,
        items2_.OrderId as OrderI4_4_23_,
        items2_.OrderItemId as OrderI1_4_23_,
        items2_.OrderItemId as OrderI1_4_0_,
        items2_.DiscountRate as Discou2_4_0_,
        items2_.ProductId as Produc3_4_0_,
        items2_.OrderId as OrderI4_4_0_,
        items2_.Quantity_Value as Quanti5_4_0_,
        items2_.Quantity_UnitId as Quanti6_4_0_,
        items2_.Discount_Amount as Discou7_4_0_,
        items2_.Discount_CurrencyId as Discou8_4_0_,
        items2_.UnitPrice_Amount as UnitPr9_4_0_,
        items2_.UnitPrice_CurrencyId as UnitP10_4_0_,
        items2_.ExtendedPrice_Amount as Exten11_4_0_,
        items2_.ExtendedPrice_CurrencyId as Exten12_4_0_,
        items2_.TotalPrice_Amount as Total13_4_0_,
        items2_.TotalPrice_CurrencyId as Total14_4_0_,
        product3_.ProductId as Produ1_11_1_,
        product3_.Name as Name2_11_1_,
        product3_.Description as Descr3_11_1_,
        product3_.Image as Image4_11_1_,
        product3_.Discontinued as Disco5_11_1_,
        product3_.CategoryId as Categ6_11_1_,
        product3_.SupplierId as Suppl7_11_1_,
        inventory4_.InventoryId as Invent1_3_2_,
        inventory4_.ConversionFactor as Conver2_3_2_,
        inventory4_.UnitOfMeasureId as UnitOf3_3_2_,
        inventory4_.UnitOfMeasureBaseId as UnitOf4_3_2_,
        inventory4_.BasePrice_Amount as BasePr5_3_2_,
        inventory4_.BasePrice_CurrencyId as BasePr6_3_2_,
        inventory4_.RetailPrice_Amount as Retail7_3_2_,
        inventory4_.RetailPrice_CurrencyId as Retail8_3_2_,
        inventory4_.WholeSalePrice_Amount as WholeS9_3_2_,
        inventory4_.WholeSalePrice_CurrencyId as Whole10_3_2_,
        inventory4_.BadStockPrice_Amount as BadSt11_3_2_,
        inventory4_.BadStockPrice_CurrencyId as BadSt12_3_2_,
        inventory4_.BadStock_Value as BadSt13_3_2_,
        inventory4_.BadStock_UnitId as BadSt14_3_2_,
        inventory4_.Received_Value as Recei15_3_2_,
        inventory4_.Received_UnitId as Recei16_3_2_,
        inventory4_.OnOrder_Value as OnOrd17_3_2_,
        inventory4_.OnOrder_UnitId as OnOrd18_3_2_,
        inventory4_.OnHand_Value as OnHan19_3_2_,
        inventory4_.OnHand_UnitId as OnHan20_3_2_,
        inventory4_.Allocated_Value as Alloc21_3_2_,
        inventory4_.Allocated_UnitId as Alloc22_3_2_,
        inventory4_.Shipped_Value as Shipp23_3_2_,
        inventory4_.Shipped_UnitId as Shipp24_3_2_,
        inventory4_.BackOrdered_Value as BackO25_3_2_,
        inventory4_.BackOrdered_UnitId as BackO26_3_2_,
        inventory4_.Available_Value as Avail27_3_2_,
        inventory4_.Available_UnitId as Avail28_3_2_,
        inventory4_.InitialLevel_Value as Initi29_3_2_,
        inventory4_.InitialLevel_UnitId as Initi30_3_2_,
        inventory4_.Shrinkage_Value as Shrin31_3_2_,
        inventory4_.Shrinkage_UnitId as Shrin32_3_2_,
        inventory4_.CurrentLevel_Value as Curre33_3_2_,
        inventory4_.CurrentLevel_UnitId as Curre34_3_2_,
        inventory4_.TargetLevel_Value as Targe35_3_2_,
        inventory4_.TargetLevel_UnitId as Targe36_3_2_,
        inventory4_.BelowTargetLevel_Value as Below37_3_2_,
        inventory4_.BelowTargetLevel_UnitId as Below38_3_2_,
        inventory4_.ReorderLevel_Value as Reord39_3_2_,
        inventory4_.ReorderLevel_UnitId as Reord40_3_2_,
        inventory4_.ReorderQuantity_Value as Reord41_3_2_,
        inventory4_.ReorderQuantity_UnitId as Reord42_3_2_,
        inventory4_.MinimumReorderQuantity_Value as Minim43_3_2_,
        inventory4_.MinimumReorderQuantity_UnitId as Minim44_3_2_,
        returns5_.OrderId as OrderI4_7_24_,
        returns5_.OrderReturnId as OrderR1_7_24_,
        returns5_.OrderReturnId as OrderR1_7_3_,
        returns5_.ReturnedOn as Return2_7_3_,
        returns5_.ProductId as Produc3_7_3_,
        returns5_.OrderId as OrderI4_7_3_,
        returns5_.ReasonId as Reason5_7_3_,
        returns5_.ReturnedById as Return6_7_3_,
        returns5_.Quantity_Value as Quanti7_7_3_,
        returns5_.Quantity_UnitId as Quanti8_7_3_,
        returns5_.Returned_Amount as Return9_7_3_,
        returns5_.Returned_CurrencyId as Retur10_7_3_,
        product6_.ProductId as Produ1_11_4_,
        product6_.Name as Name2_11_4_,
        product6_.Description as Descr3_11_4_,
        product6_.Image as Image4_11_4_,
        product6_.Discontinued as Disco5_11_4_,
        product6_.CategoryId as Categ6_11_4_,
        product6_.SupplierId as Suppl7_11_4_,
        payments7_.OrderId as OrderI3_6_25_,
        payments7_.OrderPaymentId as OrderP1_6_25_,
        payments7_.OrderPaymentId as OrderP1_6_5_,
        payments7_.PaidOn as PaidOn2_6_5_,
        payments7_.OrderId as OrderI3_6_5_,
        payments7_.PaidById as PaidBy4_6_5_,
        payments7_.PaymentTypeId as Paymen5_6_5_,
        payments7_.Payment_Amount as Paymen6_6_5_,
        payments7_.Payment_CurrencyId as Paymen7_6_5_,
        user8_.UserId as UserI1_25_6_,
        user8_.Username as Usern2_25_6_,
        user8_.Password as Passw3_25_6_,
        user8_.BranchId as Branc4_25_6_,
        user8_.FirstName as First5_25_6_,
        user8_.MiddleName as Middl6_25_6_,
        user8_.LastName as LastN7_25_6_,
        user8_.BirthDate as Birth8_25_6_,
        user8_.Street as Stree9_25_6_,
        user8_.Barangay as Bara10_25_6_,
        user8_.City as City11_25_6_,
        user8_.Province as Prov12_25_6_,
        user8_.Region as Regi13_25_6_,
        user8_.Country as Coun14_25_6_,
        user8_.ZipCode as ZipC15_25_6_,
        paymenttyp9_.PaymentTypeId as Paymen1_8_7_,
        paymenttyp9_.Name as Name2_8_7_,
        branch10_.BranchId as Branch1_0_8_,
        branch10_.Name as Name2_0_8_,
        branch10_.Description as Descri3_0_8_,
        branch10_.Street as Street4_0_8_,
        branch10_.Barangay as Barang5_0_8_,
        branch10_.City as City6_0_8_,
        branch10_.Province as Provin7_0_8_,
        branch10_.Region as Region8_0_8_,
        branch10_.Country as Countr9_0_8_,
        branch10_.ZipCode as ZipCo10_0_8_,
        customer11_.CustomerId as Custom1_2_9_,
        customer11_.Name as Name2_2_9_,
        customer11_.PricingSchemeId as Pricin3_2_9_,
        customer11_.CreditLimit_Amount as Credit4_2_9_,
        customer11_.CreditLimit_CurrencyId as Credit5_2_9_,
        customer11_.Office_Street as Office6_2_9_,
        customer11_.Office_Barangay as Office7_2_9_,
        customer11_.Office_City as Office8_2_9_,
        customer11_.Office_Province as Office9_2_9_,
        customer11_.Office_Region as Offic10_2_9_,
        customer11_.Office_Country as Offic11_2_9_,
        customer11_.Office_ZipCode as Offic12_2_9_,
        customer11_.Billing_Street as Billi13_2_9_,
        customer11_.Billing_Barangay as Billi14_2_9_,
        customer11_.Billing_City as Billi15_2_9_,
        customer11_.Billing_Province as Billi16_2_9_,
        customer11_.Billing_Region as Billi17_2_9_,
        customer11_.Billing_Country as Billi18_2_9_,
        customer11_.Billing_ZipCode as Billi19_2_9_,
        customer11_.Email as Email20_2_9_,
        customer11_.Landline as Landl21_2_9_,
        customer11_.Fax as Fax22_2_9_,
        customer11_.Mobile as Mobil23_2_9_,
        customer11_.Web as Web24_2_9_,
        paymenttyp12_.PaymentTypeId as Paymen1_8_10_,
        paymenttyp12_.Name as Name2_8_10_,
        shipper13_.ShipperId as Shipp1_20_11_,
        shipper13_.Name as Name2_20_11_,
        shipper13_.Street as Stree3_20_11_,
        shipper13_.Barangay as Baran4_20_11_,
        shipper13_.City as City5_20_11_,
        shipper13_.Province as Provi6_20_11_,
        shipper13_.Region as Regio7_20_11_,
        shipper13_.Country as Count8_20_11_,
        shipper13_.ZipCode as ZipCo9_20_11_,
        shipper13_.Email as Emai10_20_11_,
        shipper13_.Landline as Land11_20_11_,
        shipper13_.Fax as Fax12_20_11_,
        shipper13_.Mobile as Mobi13_20_11_,
        shipper13_.Web as Web14_20_11_,
        user14_.UserId as UserI1_25_12_,
        user14_.Username as Usern2_25_12_,
        user14_.Password as Passw3_25_12_,
        user14_.BranchId as Branc4_25_12_,
        user14_.FirstName as First5_25_12_,
        user14_.MiddleName as Middl6_25_12_,
        user14_.LastName as LastN7_25_12_,
        user14_.BirthDate as Birth8_25_12_,
        user14_.Street as Stree9_25_12_,
        user14_.Barangay as Bara10_25_12_,
        user14_.City as City11_25_12_,
        user14_.Province as Prov12_25_12_,
        user14_.Region as Regi13_25_12_,
        user14_.Country as Coun14_25_12_,
        user14_.ZipCode as ZipC15_25_12_,
        user15_.UserId as UserI1_25_13_,
        user15_.Username as Usern2_25_13_,
        user15_.Password as Passw3_25_13_,
        user15_.BranchId as Branc4_25_13_,
        user15_.FirstName as First5_25_13_,
        user15_.MiddleName as Middl6_25_13_,
        user15_.LastName as LastN7_25_13_,
        user15_.BirthDate as Birth8_25_13_,
        user15_.Street as Stree9_25_13_,
        user15_.Barangay as Bara10_25_13_,
        user15_.City as City11_25_13_,
        user15_.Province as Prov12_25_13_,
        user15_.Region as Regi13_25_13_,
        user15_.Country as Coun14_25_13_,
        user15_.ZipCode as ZipC15_25_13_,
        user16_.UserId as UserI1_25_14_,
        user16_.Username as Usern2_25_14_,
        user16_.Password as Passw3_25_14_,
        user16_.BranchId as Branc4_25_14_,
        user16_.FirstName as First5_25_14_,
        user16_.MiddleName as Middl6_25_14_,
        user16_.LastName as LastN7_25_14_,
        user16_.BirthDate as Birth8_25_14_,
        user16_.Street as Stree9_25_14_,
        user16_.Barangay as Bara10_25_14_,
        user16_.City as City11_25_14_,
        user16_.Province as Prov12_25_14_,
        user16_.Region as Regi13_25_14_,
        user16_.Country as Coun14_25_14_,
        user16_.ZipCode as ZipC15_25_14_,
        user17_.UserId as UserI1_25_15_,
        user17_.Username as Usern2_25_15_,
        user17_.Password as Passw3_25_15_,
        user17_.BranchId as Branc4_25_15_,
        user17_.FirstName as First5_25_15_,
        user17_.MiddleName as Middl6_25_15_,
        user17_.LastName as LastN7_25_15_,
        user17_.BirthDate as Birth8_25_15_,
        user17_.Street as Stree9_25_15_,
        user17_.Barangay as Bara10_25_15_,
        user17_.City as City11_25_15_,
        user17_.Province as Prov12_25_15_,
        user17_.Region as Regi13_25_15_,
        user17_.Country as Coun14_25_15_,
        user17_.ZipCode as ZipC15_25_15_,
        user18_.UserId as UserI1_25_16_,
        user18_.Username as Usern2_25_16_,
        user18_.Password as Passw3_25_16_,
        user18_.BranchId as Branc4_25_16_,
        user18_.FirstName as First5_25_16_,
        user18_.MiddleName as Middl6_25_16_,
        user18_.LastName as LastN7_25_16_,
        user18_.BirthDate as Birth8_25_16_,
        user18_.Street as Stree9_25_16_,
        user18_.Barangay as Bara10_25_16_,
        user18_.City as City11_25_16_,
        user18_.Province as Prov12_25_16_,
        user18_.Region as Regi13_25_16_,
        user18_.Country as Coun14_25_16_,
        user18_.ZipCode as ZipC15_25_16_,
        user19_.UserId as UserI1_25_17_,
        user19_.Username as Usern2_25_17_,
        user19_.Password as Passw3_25_17_,
        user19_.BranchId as Branc4_25_17_,
        user19_.FirstName as First5_25_17_,
        user19_.MiddleName as Middl6_25_17_,
        user19_.LastName as LastN7_25_17_,
        user19_.BirthDate as Birth8_25_17_,
        user19_.Street as Stree9_25_17_,
        user19_.Barangay as Bara10_25_17_,
        user19_.City as City11_25_17_,
        user19_.Province as Prov12_25_17_,
        user19_.Region as Regi13_25_17_,
        user19_.Country as Coun14_25_17_,
        user19_.ZipCode as ZipC15_25_17_,
        user20_.UserId as UserI1_25_18_,
        user20_.Username as Usern2_25_18_,
        user20_.Password as Passw3_25_18_,
        user20_.BranchId as Branc4_25_18_,
        user20_.FirstName as First5_25_18_,
        user20_.MiddleName as Middl6_25_18_,
        user20_.LastName as LastN7_25_18_,
        user20_.BirthDate as Birth8_25_18_,
        user20_.Street as Stree9_25_18_,
        user20_.Barangay as Bara10_25_18_,
        user20_.City as City11_25_18_,
        user20_.Province as Prov12_25_18_,
        user20_.Region as Regi13_25_18_,
        user20_.Country as Coun14_25_18_,
        user20_.ZipCode as ZipC15_25_18_,
        user21_.UserId as UserI1_25_19_,
        user21_.Username as Usern2_25_19_,
        user21_.Password as Passw3_25_19_,
        user21_.BranchId as Branc4_25_19_,
        user21_.FirstName as First5_25_19_,
        user21_.MiddleName as Middl6_25_19_,
        user21_.LastName as LastN7_25_19_,
        user21_.BirthDate as Birth8_25_19_,
        user21_.Street as Stree9_25_19_,
        user21_.Barangay as Bara10_25_19_,
        user21_.City as City11_25_19_,
        user21_.Province as Prov12_25_19_,
        user21_.Region as Regi13_25_19_,
        user21_.Country as Coun14_25_19_,
        user21_.ZipCode as ZipC15_25_19_,
        pricingsch22_.PricingSchemeId as Pricin1_9_20_,
        pricingsch22_.Name as Name2_9_20_ 
    FROM
        dbo.Orders this_ 
    left outer join
        dbo.OrderItems items2_ 
            on this_.OrderId=items2_.OrderId 
    left outer join
        dbo.Products product3_ 
            on items2_.ProductId=product3_.ProductId 
    left outer join
        dbo.Inventories inventory4_ 
            on product3_.ProductId=inventory4_.InventoryId 
    left outer join
        dbo.OrderReturns returns5_ 
            on this_.OrderId=returns5_.OrderId 
    left outer join
        dbo.Products product6_ 
            on returns5_.ProductId=product6_.ProductId 
    left outer join
        dbo.OrderPayments payments7_ 
            on this_.OrderId=payments7_.OrderId 
    left outer join
        dbo.Users user8_ 
            on payments7_.PaidById=user8_.UserId 
    left outer join
        dbo.PaymentTypes paymenttyp9_ 
            on payments7_.PaymentTypeId=paymenttyp9_.PaymentTypeId 
    left outer join
        dbo.Branches branch10_ 
            on this_.BranchId=branch10_.BranchId 
    inner join
        dbo.Customers customer11_ 
            on this_.CustomerId=customer11_.CustomerId 
    left outer join
        dbo.PaymentTypes paymenttyp12_ 
            on this_.PaymentTypeId=paymenttyp12_.PaymentTypeId 
    left outer join
        dbo.Shippers shipper13_ 
            on this_.ShipperId=shipper13_.ShipperId 
    left outer join
        dbo.Users user14_ 
            on this_.OrderedById=user14_.UserId 
    left outer join
        dbo.Users user15_ 
            on this_.CreatedById=user15_.UserId 
    left outer join
        dbo.Users user16_ 
            on this_.StagedById=user16_.UserId 
    left outer join
        dbo.Users user17_ 
            on this_.RoutedById=user17_.UserId 
    left outer join
        dbo.Users user18_ 
            on this_.InvoicedById=user18_.UserId 
    left outer join
        dbo.Users user19_ 
            on this_.PaidToId=user19_.UserId 
    left outer join
        dbo.Users user20_ 
            on this_.CompletedById=user20_.UserId 
    left outer join
        dbo.Users user21_ 
            on this_.CancelledById=user21_.UserId 
    left outer join
        dbo.PricingSchemes pricingsch22_ 
            on this_.PricingSchemeId=pricingsch22_.PricingSchemeId 
    WHERE
        this_.OrderId = @p0;
    @p0 = 82d9dc07-eecd-4042-a893-a72900bee0d2 [Type: Guid (0:0:0)]
]]></output>
            </test-case>
            <test-case id="0-1004" name="Testing" fullname="AmpedBiz.Tests.IntegrationTests.IntegrationTests.Testing" methodname="Testing" classname="AmpedBiz.Tests.IntegrationTests.IntegrationTests" runstate="Runnable" seed="1212504767" result="Passed" start-time="2017-03-01 11:34:59Z" end-time="2017-03-01 11:34:59Z" duration="0.000150" asserts="0" />
          </test-suite>
          <test-suite type="TestFixture" id="0-1005" name="OrderTest" fullname="AmpedBiz.Tests.IntegrationTests.OrderTest" classname="AmpedBiz.Tests.IntegrationTests.OrderTest" runstate="Runnable" testcasecount="1" result="Passed" start-time="2017-03-01 11:34:59Z" end-time="2017-03-01 11:34:59Z" duration="0.004032" total="1" passed="1" failed="0" warnings="0" inconclusive="0" skipped="0" asserts="0">
            <test-case id="0-1006" name="Test" fullname="AmpedBiz.Tests.IntegrationTests.OrderTest.Test" methodname="Test" classname="AmpedBiz.Tests.IntegrationTests.OrderTest" runstate="Runnable" seed="835383941" result="Passed" start-time="2017-03-01 11:34:59Z" end-time="2017-03-01 11:34:59Z" duration="0.000186" asserts="0" />
          </test-suite>
        </test-suite>
        <test-suite type="TestSuite" id="0-1010" name="UnitTests" fullname="AmpedBiz.Tests.UnitTests" runstate="Runnable" testcasecount="1" result="Passed" start-time="2017-03-01 11:34:46Z" end-time="2017-03-01 11:34:59Z" duration="12.216756" total="1" passed="1" failed="0" warnings="0" inconclusive="0" skipped="0" asserts="28">
          <test-suite type="TestFixture" id="0-1000" name="MappingTest" fullname="AmpedBiz.Tests.UnitTests.MappingTest" classname="AmpedBiz.Tests.UnitTests.MappingTest" runstate="Runnable" testcasecount="1" result="Passed" start-time="2017-03-01 11:34:59Z" end-time="2017-03-01 11:34:59Z" duration="0.007070" total="1" passed="1" failed="0" warnings="0" inconclusive="0" skipped="0" asserts="28">
            <test-case id="0-1001" name="ShouldMapAddress" fullname="AmpedBiz.Tests.UnitTests.MappingTest.ShouldMapAddress" methodname="ShouldMapAddress" classname="AmpedBiz.Tests.UnitTests.MappingTest" runstate="Runnable" seed="316197345" result="Passed" start-time="2017-03-01 11:34:59Z" end-time="2017-03-01 11:34:59Z" duration="0.004261" asserts="28" />
          </test-suite>
        </test-suite>
      </test-suite>
    </test-suite>
  </test-suite>
</test-run>